
11005 : 0x7b184374fcb : 1 : spill_jit_data :  Jit agent is not initialized
11005 : 0x7b1843b05eb : 2 : ittapi_config_mask_get :  --itt-config mask to be applied: 183
11005 : 0x7b1843b3c29 : 2 : ittapi_config_apply_per_lib :  ITTAPI function instrumented: __itt_domain_create
11005 : 0x7b1843b4a2f : 2 : ittapi_config_apply_per_lib :  ITTAPI function instrumented: __itt_module_load_with_sections
11005 : 0x7b1843b5c6f : 2 : ittapi_config_apply_per_lib :  ITTAPI function not implemented: __itt_module_unload_with_sections
11005 : 0x7b1843b6d9d : 2 : ittapi_config_apply_per_lib :  ITTAPI function instrumented: __itt_string_handle_create
11005 : 0x7b1843b765f : 2 : ittapi_config_apply_per_lib :  ITTAPI function instrumented: __itt_counter_create
11005 : 0x7b1843b7ea1 : 2 : ittapi_config_apply_per_lib :  ITTAPI function instrumented: __itt_counter_create_typed
11005 : 0x7b1843b894f : 2 : ittapi_config_apply_per_lib :  ITTAPI function instrumented: __itt_pause
11005 : 0x7b1843b91d1 : 2 : ittapi_config_apply_per_lib :  ITTAPI function instrumented: __itt_resume
11005 : 0x7b1843cc363 : 2 : ittapi_config_apply_per_lib :  ITTAPI function instrumented: __itt_thread_set_name
11005 : 0x7b1843cd199 : 2 : ittapi_config_apply_per_lib :  ITTAPI function instrumented: __itt_thread_ignore
11005 : 0x7b1843cdb6d : 2 : ittapi_config_apply_per_lib :  ITTAPI function instrumented: __itt_thr_name_set
11005 : 0x7b1843ce50f : 2 : ittapi_config_apply_per_lib :  ITTAPI function instrumented: __itt_thr_ignore
11005 : 0x7b1843ceddd : 2 : ittapi_config_apply_per_lib :  ITTAPI function instrumented: __itt_histogram_create
11005 : 0x7b1843cfd59 : 2 : ittapi_config_apply_per_lib :  ITTAPI function not implemented: __itt_enable_attach
11005 : 0x7b1843d0703 : 2 : ittapi_config_apply_per_lib :  ITTAPI function instrumented: __itt_detach
11005 : 0x7b1843d0e5f : 2 : ittapi_config_apply_per_lib :  ITTAPI function NOT instrumented (not matched by --itt-config option): __itt_sync_create

11005 : 0x7b1843d170d : 2 : ittapi_config_apply_per_lib :  ITTAPI function NOT instrumented (not matched by --itt-config option): __itt_sync_rename

11005 : 0x7b1843d1e91 : 2 : ittapi_config_apply_per_lib :  ITTAPI function NOT instrumented (not matched by --itt-config option): __itt_sync_destroy

11005 : 0x7b1843d6aa3 : 2 : ittapi_config_apply_per_lib :  ITTAPI function NOT instrumented (not matched by --itt-config option): __itt_sync_prepare

11005 : 0x7b1843d73b9 : 2 : ittapi_config_apply_per_lib :  ITTAPI function NOT instrumented (not matched by --itt-config option): __itt_sync_cancel

11005 : 0x7b1843d7b2b : 2 : ittapi_config_apply_per_lib :  ITTAPI function NOT instrumented (not matched by --itt-config option): __itt_sync_acquired

11005 : 0x7b1843d8253 : 2 : ittapi_config_apply_per_lib :  ITTAPI function NOT instrumented (not matched by --itt-config option): __itt_sync_releasing

11005 : 0x7b1843d8edb : 2 : ittapi_config_apply_per_lib :  ITTAPI function not implemented: __itt_suppress_push
11005 : 0x7b1843d9d05 : 2 : ittapi_config_apply_per_lib :  ITTAPI function not implemented: __itt_suppress_pop
11005 : 0x7b1843daad3 : 2 : ittapi_config_apply_per_lib :  ITTAPI function not implemented: __itt_suppress_mark_range
11005 : 0x7b1843db723 : 2 : ittapi_config_apply_per_lib :  ITTAPI function not implemented: __itt_suppress_clear_range
11005 : 0x7b1843dbe75 : 2 : ittapi_config_apply_per_lib :  ITTAPI function NOT instrumented (not matched by --itt-config option): __itt_sync_prepare

11005 : 0x7b1843dc575 : 2 : ittapi_config_apply_per_lib :  ITTAPI function NOT instrumented (not matched by --itt-config option): __itt_sync_cancel

11005 : 0x7b1843dfc97 : 2 : ittapi_config_apply_per_lib :  ITTAPI function NOT instrumented (not matched by --itt-config option): __itt_sync_acquired

11005 : 0x7b1843e0567 : 2 : ittapi_config_apply_per_lib :  ITTAPI function NOT instrumented (not matched by --itt-config option): __itt_sync_releasing

11005 : 0x7b1843e0f97 : 2 : ittapi_config_apply_per_lib :  ITTAPI function instrumented: __itt_model_site_begin
11005 : 0x7b1843e18ed : 2 : ittapi_config_apply_per_lib :  ITTAPI function instrumented: __itt_model_site_end
11005 : 0x7b1843e220d : 2 : ittapi_config_apply_per_lib :  ITTAPI function instrumented: __itt_model_task_begin
11005 : 0x7b1843e2adb : 2 : ittapi_config_apply_per_lib :  ITTAPI function instrumented: __itt_model_task_end
11005 : 0x7b1843e3347 : 2 : ittapi_config_apply_per_lib :  ITTAPI function instrumented: __itt_model_lock_acquire
11005 : 0x7b1843e3c4d : 2 : ittapi_config_apply_per_lib :  ITTAPI function instrumented: __itt_model_lock_release
11005 : 0x7b1843e4673 : 2 : ittapi_config_apply_per_lib :  ITTAPI function not implemented: __itt_model_record_allocation
11005 : 0x7b1843e50df : 2 : ittapi_config_apply_per_lib :  ITTAPI function not implemented: __itt_model_record_deallocation
11005 : 0x7b1843ec667 : 2 : ittapi_config_apply_per_lib :  ITTAPI function not implemented: __itt_model_induction_uses
11005 : 0x7b1843ed389 : 2 : ittapi_config_apply_per_lib :  ITTAPI function not implemented: __itt_model_reduction_uses
11005 : 0x7b1843edd61 : 2 : ittapi_config_apply_per_lib :  ITTAPI function not implemented: __itt_model_observe_uses
11005 : 0x7b1843eebb9 : 2 : ittapi_config_apply_per_lib :  ITTAPI function not implemented: __itt_model_clear_uses
11005 : 0x7b1843ef56b : 2 : ittapi_config_apply_per_lib :  ITTAPI function instrumented: __itt_model_site_beginA
11005 : 0x7b1843efeed : 2 : ittapi_config_apply_per_lib :  ITTAPI function instrumented: __itt_model_site_beginAL
11005 : 0x7b1843f086f : 2 : ittapi_config_apply_per_lib :  ITTAPI function instrumented: __itt_model_task_beginA
11005 : 0x7b1843f10b1 : 2 : ittapi_config_apply_per_lib :  ITTAPI function instrumented: __itt_model_task_beginAL
11005 : 0x7b1843f1991 : 2 : ittapi_config_apply_per_lib :  ITTAPI function instrumented: __itt_model_iteration_taskA
11005 : 0x7b1843f226d : 2 : ittapi_config_apply_per_lib :  ITTAPI function instrumented: __itt_model_iteration_taskAL
11005 : 0x7b1843f5e7f : 2 : ittapi_config_apply_per_lib :  ITTAPI function instrumented: __itt_model_site_end_2
11005 : 0x7b1843f683d : 2 : ittapi_config_apply_per_lib :  ITTAPI function instrumented: __itt_model_task_end_2
11005 : 0x7b1843f70f7 : 2 : ittapi_config_apply_per_lib :  ITTAPI function instrumented: __itt_model_lock_acquire_2
11005 : 0x7b1843f7af7 : 2 : ittapi_config_apply_per_lib :  ITTAPI function instrumented: __itt_model_lock_release_2
11005 : 0x7b1843f8325 : 2 : ittapi_config_apply_per_lib :  ITTAPI function instrumented: __itt_model_aggregate_task
11005 : 0x7b1843f8bf7 : 2 : ittapi_config_apply_per_lib :  ITTAPI function instrumented: __itt_model_disable_push
11005 : 0x7b1843f9501 : 2 : ittapi_config_apply_per_lib :  ITTAPI function instrumented: __itt_model_disable_pop
11005 : 0x7b1843f9d9b : 2 : ittapi_config_apply_per_lib :  ITTAPI function instrumented: __itt_heap_function_create
11005 : 0x7b1843fa62d : 2 : ittapi_config_apply_per_lib :  ITTAPI function instrumented: __itt_heap_allocate_begin
11005 : 0x7b1843fafa9 : 2 : ittapi_config_apply_per_lib :  ITTAPI function instrumented: __itt_heap_allocate_end
11005 : 0x7b1843fe543 : 2 : ittapi_config_apply_per_lib :  ITTAPI function instrumented: __itt_heap_free_begin
11005 : 0x7b1843fef0f : 2 : ittapi_config_apply_per_lib :  ITTAPI function instrumented: __itt_heap_free_end
11005 : 0x7b1843ff84f : 2 : ittapi_config_apply_per_lib :  ITTAPI function instrumented: __itt_heap_reallocate_begin
11005 : 0x7b184400115 : 2 : ittapi_config_apply_per_lib :  ITTAPI function instrumented: __itt_heap_reallocate_end
11005 : 0x7b184400c17 : 2 : ittapi_config_apply_per_lib :  ITTAPI function not implemented: __itt_heap_internal_access_begin
11005 : 0x7b18440164b : 2 : ittapi_config_apply_per_lib :  ITTAPI function not implemented: __itt_heap_internal_access_end
11005 : 0x7b1844020b5 : 2 : ittapi_config_apply_per_lib :  ITTAPI function not implemented: __itt_heap_record_memory_growth_begin
11005 : 0x7b184402a77 : 2 : ittapi_config_apply_per_lib :  ITTAPI function not implemented: __itt_heap_record_memory_growth_end
11005 : 0x7b1844034b7 : 2 : ittapi_config_apply_per_lib :  ITTAPI function not implemented: __itt_heap_reset_detection
11005 : 0x7b184404069 : 2 : ittapi_config_apply_per_lib :  ITTAPI function not implemented: __itt_heap_record
11005 : 0x7b184409243 : 2 : ittapi_config_apply_per_lib :  ITTAPI function not implemented: __itt_id_create
11005 : 0x7b184409e71 : 2 : ittapi_config_apply_per_lib :  ITTAPI function not implemented: __itt_id_destroy
11005 : 0x7b18440a815 : 2 : ittapi_config_apply_per_lib :  ITTAPI function instrumented: __itt_get_timestamp
11005 : 0x7b18440b20f : 2 : ittapi_config_apply_per_lib :  ITTAPI function not implemented: __itt_region_begin
11005 : 0x7b18440bb65 : 2 : ittapi_config_apply_per_lib :  ITTAPI function not implemented: __itt_region_end
11005 : 0x7b18440c603 : 2 : ittapi_config_apply_per_lib :  ITTAPI function instrumented: __itt_frame_begin_v3
11005 : 0x7b18440cf4d : 2 : ittapi_config_apply_per_lib :  ITTAPI function instrumented: __itt_frame_end_v3
11005 : 0x7b18440d7f5 : 2 : ittapi_config_apply_per_lib :  ITTAPI function instrumented: __itt_frame_submit_v3
11005 : 0x7b18440e209 : 2 : ittapi_config_apply_per_lib :  ITTAPI function not implemented: __itt_task_group
11005 : 0x7b18440eb43 : 2 : ittapi_config_apply_per_lib :  ITTAPI function instrumented: __itt_task_begin
11005 : 0x7b1844124bd : 2 : ittapi_config_apply_per_lib :  ITTAPI function instrumented: __itt_task_begin_fn
11005 : 0x7b184413019 : 2 : ittapi_config_apply_per_lib :  ITTAPI function instrumented: __itt_task_end
11005 : 0x7b184413adb : 2 : ittapi_config_apply_per_lib :  ITTAPI function not implemented: __itt_counter_inc_v3
11005 : 0x7b1844145bb : 2 : ittapi_config_apply_per_lib :  ITTAPI function not implemented: __itt_counter_inc_delta_v3
11005 : 0x7b1844150b1 : 2 : ittapi_config_apply_per_lib :  ITTAPI function not implemented: __itt_counter_dec_v3
11005 : 0x7b184415a17 : 2 : ittapi_config_apply_per_lib :  ITTAPI function not implemented: __itt_counter_dec_delta_v3
11005 : 0x7b184416415 : 2 : ittapi_config_apply_per_lib :  ITTAPI function not implemented: __itt_marker
11005 : 0x7b184416d05 : 2 : ittapi_config_apply_per_lib :  ITTAPI function instrumented: __itt_metadata_add
11005 : 0x7b1844177a9 : 2 : ittapi_config_apply_per_lib :  ITTAPI function not implemented: __itt_metadata_str_add
11005 : 0x7b184418105 : 2 : ittapi_config_apply_per_lib :  ITTAPI function not implemented: __itt_relation_add_to_current
11005 : 0x7b18441b905 : 2 : ittapi_config_apply_per_lib :  ITTAPI function not implemented: __itt_relation_add
11005 : 0x7b18441c3e5 : 2 : ittapi_config_apply_per_lib :  ITTAPI function instrumented: __itt_event_create
11005 : 0x7b18441cccf : 2 : ittapi_config_apply_per_lib :  ITTAPI function instrumented: __itt_event_start
11005 : 0x7b18441d6a5 : 2 : ittapi_config_apply_per_lib :  ITTAPI function instrumented: __itt_event_end
11005 : 0x7b18441de25 : 2 : ittapi_config_apply_per_lib :  ITTAPI function NOT instrumented (not matched by --itt-config option): __itt_sync_set_name

11005 : 0x7b18441e5e1 : 2 : ittapi_config_apply_per_lib :  ITTAPI function NOT instrumented (not matched by --itt-config option): __itt_notify_sync_name

11005 : 0x7b18441ed2b : 2 : ittapi_config_apply_per_lib :  ITTAPI function NOT instrumented (not matched by --itt-config option): __itt_notify_sync_prepare

11005 : 0x7b18441f469 : 2 : ittapi_config_apply_per_lib :  ITTAPI function NOT instrumented (not matched by --itt-config option): __itt_notify_sync_cancel

11005 : 0x7b18441fb9d : 2 : ittapi_config_apply_per_lib :  ITTAPI function NOT instrumented (not matched by --itt-config option): __itt_notify_sync_acquired

11005 : 0x7b1844202bf : 2 : ittapi_config_apply_per_lib :  ITTAPI function NOT instrumented (not matched by --itt-config option): __itt_notify_sync_releasing

11005 : 0x7b184423a6d : 2 : ittapi_config_apply_per_lib :  ITTAPI function not implemented: __itt_memory_read
11005 : 0x7b1844245f9 : 2 : ittapi_config_apply_per_lib :  ITTAPI function not implemented: __itt_memory_write
11005 : 0x7b184424fc5 : 2 : ittapi_config_apply_per_lib :  ITTAPI function not implemented: __itt_memory_update
11005 : 0x7b184425979 : 2 : ittapi_config_apply_per_lib :  ITTAPI function not implemented: __itt_state_get
11005 : 0x7b1844262dd : 2 : ittapi_config_apply_per_lib :  ITTAPI function not implemented: __itt_state_set
11005 : 0x7b184426c59 : 2 : ittapi_config_apply_per_lib :  ITTAPI function not implemented: __itt_obj_mode_set
11005 : 0x7b18442757f : 2 : ittapi_config_apply_per_lib :  ITTAPI function not implemented: __itt_thr_mode_set
11005 : 0x7b184427e17 : 2 : ittapi_config_apply_per_lib :  ITTAPI function instrumented: __itt_frame_create
11005 : 0x7b1844286a7 : 2 : ittapi_config_apply_per_lib :  ITTAPI function instrumented: __itt_pt_region_create
11005 : 0x7b184428fa9 : 2 : ittapi_config_apply_per_lib :  ITTAPI function instrumented: __itt_frame_begin
11005 : 0x7b18442ddcd : 2 : ittapi_config_apply_per_lib :  ITTAPI function instrumented: __itt_frame_end
11005 : 0x7b18442eac1 : 2 : ittapi_config_apply_per_lib :  ITTAPI function not implemented: __itt_counter_destroy
11005 : 0x7b18442f3f3 : 2 : ittapi_config_apply_per_lib :  ITTAPI function instrumented: __itt_counter_inc
11005 : 0x7b18442fd0d : 2 : ittapi_config_apply_per_lib :  ITTAPI function instrumented: __itt_counter_inc_delta
11005 : 0x7b1844305e3 : 2 : ittapi_config_apply_per_lib :  ITTAPI function instrumented: __itt_counter_dec
11005 : 0x7b184430f8d : 2 : ittapi_config_apply_per_lib :  ITTAPI function instrumented: __itt_counter_dec_delta
11005 : 0x7b184431893 : 2 : ittapi_config_apply_per_lib :  ITTAPI function instrumented: __itt_counter_set_value
11005 : 0x7b184432253 : 2 : ittapi_config_apply_per_lib :  ITTAPI function not implemented: __itt_counter_set_value_ex
11005 : 0x7b184432b97 : 2 : ittapi_config_apply_per_lib :  ITTAPI function not implemented: __itt_mark_create
11005 : 0x7b184433641 : 2 : ittapi_config_apply_per_lib :  ITTAPI function not implemented: __itt_mark
11005 : 0x7b18443717f : 2 : ittapi_config_apply_per_lib :  ITTAPI function not implemented: __itt_mark_off
11005 : 0x7b184437cbb : 2 : ittapi_config_apply_per_lib :  ITTAPI function not implemented: __itt_mark_global
11005 : 0x7b18443862f : 2 : ittapi_config_apply_per_lib :  ITTAPI function not implemented: __itt_mark_global_off
11005 : 0x7b1844390a9 : 2 : ittapi_config_apply_per_lib :  ITTAPI function instrumented: __itt_stack_caller_create
11005 : 0x7b184439a2f : 2 : ittapi_config_apply_per_lib :  ITTAPI function instrumented: __itt_stack_caller_destroy
11005 : 0x7b18443a3ad : 2 : ittapi_config_apply_per_lib :  ITTAPI function instrumented: __itt_stack_callee_enter
11005 : 0x7b18443ad41 : 2 : ittapi_config_apply_per_lib :  ITTAPI function instrumented: __itt_stack_callee_leave
11005 : 0x7b18443b6c5 : 2 : ittapi_config_apply_per_lib :  ITTAPI function not implemented: __itt_clock_domain_create
11005 : 0x7b18443bffb : 2 : ittapi_config_apply_per_lib :  ITTAPI function not implemented: __itt_clock_domain_reset
11005 : 0x7b18443c97f : 2 : ittapi_config_apply_per_lib :  ITTAPI function not implemented: __itt_id_create_ex
11005 : 0x7b18444015b : 2 : ittapi_config_apply_per_lib :  ITTAPI function not implemented: __itt_id_destroy_ex
11005 : 0x7b184440d07 : 2 : ittapi_config_apply_per_lib :  ITTAPI function not implemented: __itt_task_begin_ex
11005 : 0x7b18444175b : 2 : ittapi_config_apply_per_lib :  ITTAPI function not implemented: __itt_task_begin_fn_ex
11005 : 0x7b1844420a9 : 2 : ittapi_config_apply_per_lib :  ITTAPI function not implemented: __itt_task_end_ex
11005 : 0x7b184442a17 : 2 : ittapi_config_apply_per_lib :  ITTAPI function instrumented: __itt_task_begin_overlapped
11005 : 0x7b184443477 : 2 : ittapi_config_apply_per_lib :  ITTAPI function not implemented: __itt_task_begin_overlapped_ex
11005 : 0x7b184443d21 : 2 : ittapi_config_apply_per_lib :  ITTAPI function instrumented: __itt_task_end_overlapped
11005 : 0x7b1844446f1 : 2 : ittapi_config_apply_per_lib :  ITTAPI function not implemented: __itt_task_end_overlapped_ex
11005 : 0x7b184445079 : 2 : ittapi_config_apply_per_lib :  ITTAPI function not implemented: __itt_marker_ex
11005 : 0x7b184445b47 : 2 : ittapi_config_apply_per_lib :  ITTAPI function not implemented: __itt_metadata_add_with_scope
11005 : 0x7b18444ad3b : 2 : ittapi_config_apply_per_lib :  ITTAPI function not implemented: __itt_metadata_str_add_with_scope
11005 : 0x7b18444b8a1 : 2 : ittapi_config_apply_per_lib :  ITTAPI function not implemented: __itt_relation_add_to_current_ex
11005 : 0x7b18444c2cb : 2 : ittapi_config_apply_per_lib :  ITTAPI function not implemented: __itt_relation_add_ex
11005 : 0x7b18444ccb7 : 2 : ittapi_config_apply_per_lib :  ITTAPI function not implemented: __itt_track_group_create
11005 : 0x7b18444d589 : 2 : ittapi_config_apply_per_lib :  ITTAPI function not implemented: __itt_track_create
11005 : 0x7b18444deb7 : 2 : ittapi_config_apply_per_lib :  ITTAPI function not implemented: __itt_set_track
11005 : 0x7b18444e867 : 2 : ittapi_config_apply_per_lib :  ITTAPI function instrumented: __itt_api_version
11005 : 0x7b18444f1b9 : 2 : ittapi_config_apply_per_lib :  ITTAPI function not implemented: __itt_av_save
11005 : 0x7b18444fac3 : 2 : ittapi_config_apply_per_lib :  ITTAPI function instrumented: __itt_module_load
11005 : 0x7b1844503f7 : 2 : ittapi_config_apply_per_lib :  ITTAPI function not implemented: __itt_module_unload
11005 : 0x7b18445461f : 2 : ittapi_config_apply_per_lib :  ITTAPI function NOT instrumented (not matched by --itt-config option): __itt_histogram_submit

11005 : 0x7b18452b3b3 : 2 : ittapi_config_mask_get :  --itt-config mask to be applied: 183
11005 : 0x7b18452cab1 : 2 : ittapi_config_apply_per_lib :  ITTAPI function instrumented: __itt_domain_create
11005 : 0x7b18452d5ff : 2 : ittapi_config_apply_per_lib :  ITTAPI function instrumented: __itt_module_load_with_sections
11005 : 0x7b18452e31b : 2 : ittapi_config_apply_per_lib :  ITTAPI function not implemented: __itt_module_unload_with_sections
11005 : 0x7b18452ec7f : 2 : ittapi_config_apply_per_lib :  ITTAPI function instrumented: __itt_string_handle_create
11005 : 0x7b18452f53b : 2 : ittapi_config_apply_per_lib :  ITTAPI function instrumented: __itt_counter_create
11005 : 0x7b18452fdf7 : 2 : ittapi_config_apply_per_lib :  ITTAPI function instrumented: __itt_counter_create_typed
11005 : 0x7b184530753 : 2 : ittapi_config_apply_per_lib :  ITTAPI function instrumented: __itt_pause
11005 : 0x7b184530fe9 : 2 : ittapi_config_apply_per_lib :  ITTAPI function instrumented: __itt_resume
11005 : 0x7b184537d79 : 2 : ittapi_config_apply_per_lib :  ITTAPI function instrumented: __itt_thread_set_name
11005 : 0x7b1845388a9 : 2 : ittapi_config_apply_per_lib :  ITTAPI function instrumented: __itt_thread_ignore
11005 : 0x7b1845391f7 : 2 : ittapi_config_apply_per_lib :  ITTAPI function instrumented: __itt_thr_name_set
11005 : 0x7b184539a59 : 2 : ittapi_config_apply_per_lib :  ITTAPI function instrumented: __itt_thr_ignore
11005 : 0x7b18453a4ab : 2 : ittapi_config_apply_per_lib :  ITTAPI function not implemented: __itt_enable_attach
11005 : 0x7b18453ad7b : 2 : ittapi_config_apply_per_lib :  ITTAPI function instrumented: __itt_detach
11005 : 0x7b18453b4ef : 2 : ittapi_config_apply_per_lib :  ITTAPI function NOT instrumented (not matched by --itt-config option): __itt_sync_create

11005 : 0x7b18453bcbf : 2 : ittapi_config_apply_per_lib :  ITTAPI function NOT instrumented (not matched by --itt-config option): __itt_sync_rename

11005 : 0x7b18453c41d : 2 : ittapi_config_apply_per_lib :  ITTAPI function NOT instrumented (not matched by --itt-config option): __itt_sync_destroy

11005 : 0x7b18453cb81 : 2 : ittapi_config_apply_per_lib :  ITTAPI function NOT instrumented (not matched by --itt-config option): __itt_sync_prepare

11005 : 0x7b1845404dd : 2 : ittapi_config_apply_per_lib :  ITTAPI function NOT instrumented (not matched by --itt-config option): __itt_sync_cancel

11005 : 0x7b184540dbf : 2 : ittapi_config_apply_per_lib :  ITTAPI function NOT instrumented (not matched by --itt-config option): __itt_sync_acquired

11005 : 0x7b1845414b1 : 2 : ittapi_config_apply_per_lib :  ITTAPI function NOT instrumented (not matched by --itt-config option): __itt_sync_releasing

11005 : 0x7b184541f73 : 2 : ittapi_config_apply_per_lib :  ITTAPI function not implemented: __itt_suppress_push
11005 : 0x7b184542cf9 : 2 : ittapi_config_apply_per_lib :  ITTAPI function not implemented: __itt_suppress_pop
11005 : 0x7b18454384b : 2 : ittapi_config_apply_per_lib :  ITTAPI function not implemented: __itt_suppress_mark_range
11005 : 0x7b1845442db : 2 : ittapi_config_apply_per_lib :  ITTAPI function not implemented: __itt_suppress_clear_range
11005 : 0x7b184544bbf : 2 : ittapi_config_apply_per_lib :  ITTAPI function NOT instrumented (not matched by --itt-config option): __itt_sync_prepare

11005 : 0x7b184545345 : 2 : ittapi_config_apply_per_lib :  ITTAPI function NOT instrumented (not matched by --itt-config option): __itt_sync_cancel

11005 : 0x7b184545a13 : 2 : ittapi_config_apply_per_lib :  ITTAPI function NOT instrumented (not matched by --itt-config option): __itt_sync_acquired

11005 : 0x7b18454b285 : 2 : ittapi_config_apply_per_lib :  ITTAPI function NOT instrumented (not matched by --itt-config option): __itt_sync_releasing

11005 : 0x7b18454bf69 : 2 : ittapi_config_apply_per_lib :  ITTAPI function instrumented: __itt_model_site_begin
11005 : 0x7b18454c895 : 2 : ittapi_config_apply_per_lib :  ITTAPI function instrumented: __itt_model_site_end
11005 : 0x7b18454d10f : 2 : ittapi_config_apply_per_lib :  ITTAPI function instrumented: __itt_model_task_begin
11005 : 0x7b18454da03 : 2 : ittapi_config_apply_per_lib :  ITTAPI function instrumented: __itt_model_task_end
11005 : 0x7b18454e27d : 2 : ittapi_config_apply_per_lib :  ITTAPI function instrumented: __itt_model_lock_acquire
11005 : 0x7b18454eb7f : 2 : ittapi_config_apply_per_lib :  ITTAPI function instrumented: __itt_model_lock_release
11005 : 0x7b18454f5d5 : 2 : ittapi_config_apply_per_lib :  ITTAPI function not implemented: __itt_model_record_allocation
11005 : 0x7b18454ffbf : 2 : ittapi_config_apply_per_lib :  ITTAPI function not implemented: __itt_model_record_deallocation
11005 : 0x7b1845509db : 2 : ittapi_config_apply_per_lib :  ITTAPI function not implemented: __itt_model_induction_uses
11005 : 0x7b1845546e9 : 2 : ittapi_config_apply_per_lib :  ITTAPI function not implemented: __itt_model_reduction_uses
11005 : 0x7b1845551cb : 2 : ittapi_config_apply_per_lib :  ITTAPI function not implemented: __itt_model_observe_uses
11005 : 0x7b184555c1f : 2 : ittapi_config_apply_per_lib :  ITTAPI function not implemented: __itt_model_clear_uses
11005 : 0x7b18455656f : 2 : ittapi_config_apply_per_lib :  ITTAPI function instrumented: __itt_model_site_beginA
11005 : 0x7b184556e39 : 2 : ittapi_config_apply_per_lib :  ITTAPI function instrumented: __itt_model_site_beginAL
11005 : 0x7b184557723 : 2 : ittapi_config_apply_per_lib :  ITTAPI function instrumented: __itt_model_task_beginA
11005 : 0x7b184557f69 : 2 : ittapi_config_apply_per_lib :  ITTAPI function instrumented: __itt_model_task_beginAL
11005 : 0x7b184558891 : 2 : ittapi_config_apply_per_lib :  ITTAPI function instrumented: __itt_model_iteration_taskA
11005 : 0x7b184559117 : 2 : ittapi_config_apply_per_lib :  ITTAPI function instrumented: __itt_model_iteration_taskAL
11005 : 0x7b184559987 : 2 : ittapi_config_apply_per_lib :  ITTAPI function instrumented: __itt_model_site_end_2
11005 : 0x7b18455d093 : 2 : ittapi_config_apply_per_lib :  ITTAPI function instrumented: __itt_model_task_end_2
11005 : 0x7b18455dac7 : 2 : ittapi_config_apply_per_lib :  ITTAPI function instrumented: __itt_model_lock_acquire_2
11005 : 0x7b18455e459 : 2 : ittapi_config_apply_per_lib :  ITTAPI function instrumented: __itt_model_lock_release_2
11005 : 0x7b18455ed05 : 2 : ittapi_config_apply_per_lib :  ITTAPI function instrumented: __itt_model_aggregate_task
11005 : 0x7b18455f5af : 2 : ittapi_config_apply_per_lib :  ITTAPI function instrumented: __itt_model_disable_push
11005 : 0x7b18455fec1 : 2 : ittapi_config_apply_per_lib :  ITTAPI function instrumented: __itt_model_disable_pop
11005 : 0x7b1845606e9 : 2 : ittapi_config_apply_per_lib :  ITTAPI function instrumented: __itt_heap_function_create
11005 : 0x7b184560faf : 2 : ittapi_config_apply_per_lib :  ITTAPI function instrumented: __itt_heap_allocate_begin
11005 : 0x7b184561831 : 2 : ittapi_config_apply_per_lib :  ITTAPI function instrumented: __itt_heap_allocate_end
11005 : 0x7b1845620a5 : 2 : ittapi_config_apply_per_lib :  ITTAPI function instrumented: __itt_heap_free_begin
11005 : 0x7b184566b73 : 2 : ittapi_config_apply_per_lib :  ITTAPI function instrumented: __itt_heap_free_end
11005 : 0x7b1845675f5 : 2 : ittapi_config_apply_per_lib :  ITTAPI function instrumented: __itt_heap_reallocate_begin
11005 : 0x7b184567e7f : 2 : ittapi_config_apply_per_lib :  ITTAPI function instrumented: __itt_heap_reallocate_end
11005 : 0x7b184568993 : 2 : ittapi_config_apply_per_lib :  ITTAPI function not implemented: __itt_heap_internal_access_begin
11005 : 0x7b1845693a3 : 2 : ittapi_config_apply_per_lib :  ITTAPI function not implemented: __itt_heap_internal_access_end
11005 : 0x7b184569db9 : 2 : ittapi_config_apply_per_lib :  ITTAPI function not implemented: __itt_heap_record_memory_growth_begin
11005 : 0x7b18456a77d : 2 : ittapi_config_apply_per_lib :  ITTAPI function not implemented: __itt_heap_record_memory_growth_end
11005 : 0x7b18456b15b : 2 : ittapi_config_apply_per_lib :  ITTAPI function not implemented: __itt_heap_reset_detection
11005 : 0x7b18456bbe3 : 2 : ittapi_config_apply_per_lib :  ITTAPI function not implemented: __itt_heap_record
11005 : 0x7b18456c5a1 : 2 : ittapi_config_apply_per_lib :  ITTAPI function not implemented: __itt_id_create
11005 : 0x7b184570089 : 2 : ittapi_config_apply_per_lib :  ITTAPI function not implemented: __itt_id_destroy
11005 : 0x7b184570b43 : 2 : ittapi_config_apply_per_lib :  ITTAPI function instrumented: __itt_get_timestamp
11005 : 0x7b1845714d9 : 2 : ittapi_config_apply_per_lib :  ITTAPI function not implemented: __itt_region_begin
11005 : 0x7b184571e53 : 2 : ittapi_config_apply_per_lib :  ITTAPI function not implemented: __itt_region_end
11005 : 0x7b1845727d7 : 2 : ittapi_config_apply_per_lib :  ITTAPI function instrumented: __itt_frame_begin_v3
11005 : 0x7b184573143 : 2 : ittapi_config_apply_per_lib :  ITTAPI function instrumented: __itt_frame_end_v3
11005 : 0x7b184573a0b : 2 : ittapi_config_apply_per_lib :  ITTAPI function instrumented: __itt_frame_submit_v3
11005 : 0x7b18457442d : 2 : ittapi_config_apply_per_lib :  ITTAPI function not implemented: __itt_task_group
11005 : 0x7b184574d95 : 2 : ittapi_config_apply_per_lib :  ITTAPI function instrumented: __itt_task_begin
11005 : 0x7b184575657 : 2 : ittapi_config_apply_per_lib :  ITTAPI function instrumented: __itt_task_begin_fn
11005 : 0x7b184578e79 : 2 : ittapi_config_apply_per_lib :  ITTAPI function instrumented: __itt_task_end
11005 : 0x7b184579adf : 2 : ittapi_config_apply_per_lib :  ITTAPI function not implemented: __itt_counter_inc_v3
11005 : 0x7b18457a53d : 2 : ittapi_config_apply_per_lib :  ITTAPI function not implemented: __itt_counter_inc_delta_v3
11005 : 0x7b18457af4b : 2 : ittapi_config_apply_per_lib :  ITTAPI function not implemented: __itt_counter_dec_v3
11005 : 0x7b18457b941 : 2 : ittapi_config_apply_per_lib :  ITTAPI function not implemented: __itt_counter_dec_delta_v3
11005 : 0x7b18457c2b9 : 2 : ittapi_config_apply_per_lib :  ITTAPI function not implemented: __itt_marker
11005 : 0x7b18457cb63 : 2 : ittapi_config_apply_per_lib :  ITTAPI function instrumented: __itt_metadata_add
11005 : 0x7b18457d50f : 2 : ittapi_config_apply_per_lib :  ITTAPI function not implemented: __itt_metadata_str_add
11005 : 0x7b18457de75 : 2 : ittapi_config_apply_per_lib :  ITTAPI function not implemented: __itt_relation_add_to_current
11005 : 0x7b18457e811 : 2 : ittapi_config_apply_per_lib :  ITTAPI function not implemented: __itt_relation_add
11005 : 0x7b1845820af : 2 : ittapi_config_apply_per_lib :  ITTAPI function instrumented: __itt_event_create
11005 : 0x7b184582b11 : 2 : ittapi_config_apply_per_lib :  ITTAPI function instrumented: __itt_event_start
11005 : 0x7b184583433 : 2 : ittapi_config_apply_per_lib :  ITTAPI function instrumented: __itt_event_end
11005 : 0x7b184583b95 : 2 : ittapi_config_apply_per_lib :  ITTAPI function NOT instrumented (not matched by --itt-config option): __itt_sync_set_name

11005 : 0x7b184584315 : 2 : ittapi_config_apply_per_lib :  ITTAPI function NOT instrumented (not matched by --itt-config option): __itt_notify_sync_name

11005 : 0x7b184584a51 : 2 : ittapi_config_apply_per_lib :  ITTAPI function NOT instrumented (not matched by --itt-config option): __itt_notify_sync_prepare

11005 : 0x7b184585161 : 2 : ittapi_config_apply_per_lib :  ITTAPI function NOT instrumented (not matched by --itt-config option): __itt_notify_sync_cancel

11005 : 0x7b184585861 : 2 : ittapi_config_apply_per_lib :  ITTAPI function NOT instrumented (not matched by --itt-config option): __itt_notify_sync_acquired

11005 : 0x7b184585f63 : 2 : ittapi_config_apply_per_lib :  ITTAPI function NOT instrumented (not matched by --itt-config option): __itt_notify_sync_releasing

11005 : 0x7b1845868d5 : 2 : ittapi_config_apply_per_lib :  ITTAPI function not implemented: __itt_memory_read
11005 : 0x7b18458b6df : 2 : ittapi_config_apply_per_lib :  ITTAPI function not implemented: __itt_memory_write
11005 : 0x7b18458c2d3 : 2 : ittapi_config_apply_per_lib :  ITTAPI function not implemented: __itt_memory_update
11005 : 0x7b18458ccdd : 2 : ittapi_config_apply_per_lib :  ITTAPI function not implemented: __itt_state_get
11005 : 0x7b18458d64f : 2 : ittapi_config_apply_per_lib :  ITTAPI function not implemented: __itt_state_set
11005 : 0x7b18458df8f : 2 : ittapi_config_apply_per_lib :  ITTAPI function not implemented: __itt_obj_mode_set
11005 : 0x7b18458e8cd : 2 : ittapi_config_apply_per_lib :  ITTAPI function not implemented: __itt_thr_mode_set
11005 : 0x7b18458f15b : 2 : ittapi_config_apply_per_lib :  ITTAPI function instrumented: __itt_frame_create
11005 : 0x7b18458fa0b : 2 : ittapi_config_apply_per_lib :  ITTAPI function instrumented: __itt_pt_region_create
11005 : 0x7b184590309 : 2 : ittapi_config_apply_per_lib :  ITTAPI function instrumented: __itt_frame_begin
11005 : 0x7b184590c25 : 2 : ittapi_config_apply_per_lib :  ITTAPI function instrumented: __itt_frame_end
11005 : 0x7b18459472b : 2 : ittapi_config_apply_per_lib :  ITTAPI function not implemented: __itt_counter_destroy
11005 : 0x7b1845951c5 : 2 : ittapi_config_apply_per_lib :  ITTAPI function instrumented: __itt_counter_inc
11005 : 0x7b184595ad3 : 2 : ittapi_config_apply_per_lib :  ITTAPI function instrumented: __itt_counter_inc_delta
11005 : 0x7b184596399 : 2 : ittapi_config_apply_per_lib :  ITTAPI function instrumented: __itt_counter_dec
11005 : 0x7b184596cc9 : 2 : ittapi_config_apply_per_lib :  ITTAPI function instrumented: __itt_counter_dec_delta
11005 : 0x7b18459755f : 2 : ittapi_config_apply_per_lib :  ITTAPI function instrumented: __itt_counter_set_value
11005 : 0x7b184597efd : 2 : ittapi_config_apply_per_lib :  ITTAPI function not implemented: __itt_counter_set_value_ex
11005 : 0x7b18459884f : 2 : ittapi_config_apply_per_lib :  ITTAPI function not implemented: __itt_mark_create
11005 : 0x7b1845991bb : 2 : ittapi_config_apply_per_lib :  ITTAPI function not implemented: __itt_mark
11005 : 0x7b184599c23 : 2 : ittapi_config_apply_per_lib :  ITTAPI function not implemented: __itt_mark_off
11005 : 0x7b18459d513 : 2 : ittapi_config_apply_per_lib :  ITTAPI function not implemented: __itt_mark_global
11005 : 0x7b18459e00b : 2 : ittapi_config_apply_per_lib :  ITTAPI function not implemented: __itt_mark_global_off
11005 : 0x7b18459ea85 : 2 : ittapi_config_apply_per_lib :  ITTAPI function instrumented: __itt_stack_caller_create
11005 : 0x7b18459f357 : 2 : ittapi_config_apply_per_lib :  ITTAPI function instrumented: __itt_stack_caller_destroy
11005 : 0x7b18459fc85 : 2 : ittapi_config_apply_per_lib :  ITTAPI function instrumented: __itt_stack_callee_enter
11005 : 0x7b1845a05a3 : 2 : ittapi_config_apply_per_lib :  ITTAPI function instrumented: __itt_stack_callee_leave
11005 : 0x7b1845a0f0d : 2 : ittapi_config_apply_per_lib :  ITTAPI function not implemented: __itt_clock_domain_create
11005 : 0x7b1845a186f : 2 : ittapi_config_apply_per_lib :  ITTAPI function not implemented: __itt_clock_domain_reset
11005 : 0x7b1845a21fd : 2 : ittapi_config_apply_per_lib :  ITTAPI function not implemented: __itt_id_create_ex
11005 : 0x7b1845a2b17 : 2 : ittapi_config_apply_per_lib :  ITTAPI function not implemented: __itt_id_destroy_ex
11005 : 0x7b1845a7a5b : 2 : ittapi_config_apply_per_lib :  ITTAPI function not implemented: __itt_task_begin_ex
11005 : 0x7b1845a85b7 : 2 : ittapi_config_apply_per_lib :  ITTAPI function not implemented: __itt_task_begin_fn_ex
11005 : 0x7b1845a8f27 : 2 : ittapi_config_apply_per_lib :  ITTAPI function not implemented: __itt_task_end_ex
11005 : 0x7b1845a9843 : 2 : ittapi_config_apply_per_lib :  ITTAPI function instrumented: __itt_task_begin_overlapped
11005 : 0x7b1845aa1a9 : 2 : ittapi_config_apply_per_lib :  ITTAPI function not implemented: __itt_task_begin_overlapped_ex
11005 : 0x7b1845aaa1f : 2 : ittapi_config_apply_per_lib :  ITTAPI function instrumented: __itt_task_end_overlapped
11005 : 0x7b1845ab3af : 2 : ittapi_config_apply_per_lib :  ITTAPI function not implemented: __itt_task_end_overlapped_ex
11005 : 0x7b1845abce7 : 2 : ittapi_config_apply_per_lib :  ITTAPI function not implemented: __itt_marker_ex
11005 : 0x7b1845ac6d3 : 2 : ittapi_config_apply_per_lib :  ITTAPI function not implemented: __itt_metadata_add_with_scope
11005 : 0x7b1845ad139 : 2 : ittapi_config_apply_per_lib :  ITTAPI function not implemented: __itt_metadata_str_add_with_scope
11005 : 0x7b1845b0b91 : 2 : ittapi_config_apply_per_lib :  ITTAPI function not implemented: __itt_relation_add_to_current_ex
11005 : 0x7b1845b16e5 : 2 : ittapi_config_apply_per_lib :  ITTAPI function not implemented: __itt_relation_add_ex
11005 : 0x7b1845b209f : 2 : ittapi_config_apply_per_lib :  ITTAPI function not implemented: __itt_track_group_create
11005 : 0x7b1845b2973 : 2 : ittapi_config_apply_per_lib :  ITTAPI function not implemented: __itt_track_create
11005 : 0x7b1845b3295 : 2 : ittapi_config_apply_per_lib :  ITTAPI function not implemented: __itt_set_track
11005 : 0x7b1845b3bab : 2 : ittapi_config_apply_per_lib :  ITTAPI function instrumented: __itt_api_version
11005 : 0x7b1845b4531 : 2 : ittapi_config_apply_per_lib :  ITTAPI function not implemented: __itt_av_save
11005 : 0x7b1845b4e29 : 2 : ittapi_config_apply_per_lib :  ITTAPI function instrumented: __itt_module_load
11005 : 0x7b1845b5753 : 2 : ittapi_config_apply_per_lib :  ITTAPI function not implemented: __itt_module_unload