8 [140476279915392] INFO perfrun.launcher <> - Launcher main begin
9 [140476279915392] INFO perfrun.launcher <> - MessageCatalogInit finished
9 [140476279915392] INFO perfrun.launcher <> - Launcher instance created
9 [140476279915392] INFO perfrun.launcher <> - argc = 7; cmdline = /opt/intel/oneapi/advisor/2022.0.0/bin64/advixe-runss --ui-output-format xml --ui-output-fd 6 --option-file /home/leibov/Documents/FC_SDNN/RelWithDebInfo/e000/hs000/config/runss.options 
43 [140476279915392] INFO perfrun.launcher <> - create msngr2::ICliToolContext
44 [140476279915392] INFO perfrun.launcher <> - create file finder object
44 [140476279915392] INFO perfrun.launcher <> - create a result directory: pattern = /home/leibov/Documents/FC_SDNN/RelWithDebInfo/e000/hs000 pid = 4294967295
45 [140476279915392] INFO perfrun.sdk <> - checked that the directory /home/leibov/Documents/FC_SDNN/RelWithDebInfo/e000/hs000 is a local directory
45 [140476279915392] INFO perfrun.sdk <> - the directory /home/leibov/Documents/FC_SDNN/RelWithDebInfo/e000/hs000 is a local directory with FS type ID 61267
45 [140476279915392] INFO perfrun.launcher <> - create data directory = /home/leibov/Documents/FC_SDNN/RelWithDebInfo/e000/hs000/data.0
45 [140476279915392] INFO perfrun.launcher <> - Creating the master collection flag
46 [140476279915392] INFO perfrun.launcher <> - Done creating the master collection flag
46 [140476270388992] INFO perfrun.launcher <> - plugin [remoteplug] was disabled because it doesn't support the given collection type.
46 [140476270388992] INFO perfrun.sdk <> - Allocating TMU :/home/leibov/Documents/FC_SDNN/RelWithDebInfo/e000/hs000/data.0/systemcollector-11000-ubuntu.sc
47 [140476270388992] INFO perfrun.launcher <> - plugin [] was disabled because it doesn't support the given collection type.
47 [140476270388992] INFO perfrun.launcher <> - plugin [gpu] was disabled because it doesn't support the given collection type.
47 [140476270388992] INFO perfrun.launcher <> - plugin [] was disabled because it doesn't support the given collection type.
47 [140476270388992] INFO perfrun.launcher <> - plugin [] was disabled because it doesn't support the given collection type.
47 [140476270388992] INFO perfrun.launcher <> - plugin [] was disabled because it doesn't support the given collection type.
47 [140476270388992] INFO perfrun.mrte <> - system-wide mode is 0
47 [140476270388992] INFO perfrun.mrte <> - Getting  mrte profiling environment ...
68 [140476270388992] INFO perfrun.mrte <> - INTEL_MRTE_DATA_DIR=/home/leibov/Documents/FC_SDNN/RelWithDebInfo/e000/hs000/data.0
68 [140476270388992] INFO perfrun.mrte <> - INTEL_MRTE_HOST_NAME=ubuntu
68 [140476270388992] INFO perfrun.mrte <> - JAVA_TOOL_OPTIONS=-agentlib:advixe_tpssmrte_javaprof_1.0 -Dsun.boot.library.path=/opt/intel/oneapi/advisor/2022.0.0/lib32/runtime:/opt/intel/oneapi/advisor/2022.0.0/lib64/runtime
68 [140476270388992] INFO perfrun.mrte <> - LD_LIBRARY_PATH=/opt/intel/oneapi/advisor/2022.0.0/lib32/runtime:/opt/intel/oneapi/advisor/2022.0.0/lib64/runtime:/opt/intel/oneapi/tbb/2021.5.1/env/../lib/intel64/gcc4.8:/opt/intel/oneapi/mpi/2021.5.1//libfabric/lib:/opt/intel/oneapi/mpi/2021.5.1//lib/release:/opt/intel/oneapi/mpi/2021.5.1//lib:/opt/intel/oneapi/mkl/2022.0.2/lib/intel64:/opt/intel/oneapi/itac/2021.5.0/slib:/opt/intel/oneapi/ipp/2021.5.2/lib/intel64:/opt/intel/oneapi/debugger/2021.5.0/gdb/intel64/lib:/opt/intel/oneapi/debugger/2021.5.0/libipt/intel64/lib:/opt/intel/oneapi/debugger/2021.5.0/dep/lib:/opt/intel/oneapi/compiler/2022.0.2/linux/lib:/opt/intel/oneapi/compiler/2022.0.2/linux/lib/x64:/opt/intel/oneapi/compiler/2022.0.2/linux/lib/oclfpga/host/linux64/lib:/opt/intel/oneapi/compiler/2022.0.2/linux/compiler/lib/intel64_lin:/opt/intel/oneapi/ccl/2021.5.1/lib/cpu_gpu_dpcpp
68 [140476270388992] INFO perfrun.mrte <> - Data directory: /home/leibov/Documents/FC_SDNN/RelWithDebInfo/e000/hs000/data.0
68 [140476270388992] INFO perfrun.mrte <> - Mrte plugin is initialized
68 [140476270388992] INFO perfrun.launcher <> - plugin [] was disabled because it doesn't support the given collection type.
68 [140476270388992] INFO perfrun.launcher <> - plugin [] was disabled because it doesn't support the given collection type.
68 [140476270388992] INFO perfrun.launcher <> - plugin [] was disabled because it doesn't support the given collection type.
68 [140476270388992] INFO perfrun.launcher <> - plugin [] was disabled because it doesn't support the given collection type.
68 [140476270388992] INFO perfrun.launcher <> - plugin [] was disabled because it doesn't support the given collection type.
68 [140476270388992] INFO perfrun.launcher <> - plugin [] was disabled because it doesn't support the given collection type.
68 [140476270388992] INFO perfrun.launcher <> - plugin [] was disabled because it doesn't support the given collection type.
68 [140476270388992] INFO perfrun.tpss <> - initialize tpss controller
68 [140476270388992] INFO perfrun.tpss <> - configure collection mode: value = cpu:stack
68 [140476270388992] INFO perfrun.tpss <> - default obj-size-min=1024
68 [140476270388992] INFO perfrun.tpss <> - default hash-table-size=0
68 [140476270388992] INFO perfrun.launcher <> - plugin [] was disabled because it doesn't support the given collection type.
68 [140476270388992] INFO perfrun.launcher <> - plugin [] was disabled because it doesn't support the given collection type.
68 [140476270388992] INFO perfrun.launcher <> - plugin [] was disabled because it doesn't support the given collection type.
68 [140476270388992] INFO perfrun.launcher <> - plugin [] was disabled because it doesn't support the given collection type.
68 [140476270388992] INFO perfrun.launcher <> - plugin [] was disabled because it doesn't support the given collection type.
68 [140476270388992] INFO perfrun.launcher <> - plugin [] was disabled because it doesn't support the given collection type.
68 [140476270388992] INFO perfrun.launcher <> - plugin [] was disabled because it doesn't support the given collection type.
68 [140476270388992] INFO perfrun.launcher <> - plugin [] was disabled because it doesn't support the given collection type.
68 [140476270388992] INFO perfrun.launcher <> - plugin [] was disabled because it doesn't support the given collection type.
68 [140476279915392] INFO perfrun.launcher <> - set environment variable: LD_LIBRARY_PATH = /opt/intel/oneapi/advisor/2022.0.0/lib32/runtime:/opt/intel/oneapi/advisor/2022.0.0/lib64/runtime:/opt/intel/oneapi/tbb/2021.5.1/env/../lib/intel64/gcc4.8:/opt/intel/oneapi/mpi/2021.5.1//libfabric/lib:/opt/intel/oneapi/mpi/2021.5.1//lib/release:/opt/intel/oneapi/mpi/2021.5.1//lib:/opt/intel/oneapi/mkl/2022.0.2/lib/intel64:/opt/intel/oneapi/itac/2021.5.0/slib:/opt/intel/oneapi/ipp/2021.5.2/lib/intel64:/opt/intel/oneapi/debugger/2021.5.0/gdb/intel64/lib:/opt/intel/oneapi/debugger/2021.5.0/libipt/intel64/lib:/opt/intel/oneapi/debugger/2021.5.0/dep/lib:/opt/intel/oneapi/compiler/2022.0.2/linux/lib:/opt/intel/oneapi/compiler/2022.0.2/linux/lib/x64:/opt/intel/oneapi/compiler/2022.0.2/linux/lib/oclfpga/host/linux64/lib:/opt/intel/oneapi/compiler/2022.0.2/linux/compiler/lib/intel64_lin:/opt/intel/oneapi/ccl/2021.5.1/lib/cpu_gpu_dpcpp
68 [140476279915392] INFO perfrun.launcher <> - set environment variable: INTEL_LIBITTNOTIFY32 = /opt/intel/oneapi/advisor/2022.0.0/lib32/runtime/libittnotify_collector.so
68 [140476279915392] INFO perfrun.launcher <> - set environment variable: INTEL_LIBITTNOTIFY64 = /opt/intel/oneapi/advisor/2022.0.0/lib64/runtime/libittnotify_collector.so
68 [140476279915392] INFO perfrun.launcher <> - set environment variable: INTEL_ITTNOTIFY_GROUPS = 
68 [140476279915392] INFO perfrun.launcher <> - set environment variable: INTEL_JIT_PROFILER32 = /opt/intel/oneapi/advisor/2022.0.0/lib32/runtime/libittnotify_collector.so
68 [140476279915392] INFO perfrun.launcher <> - set environment variable: INTEL_JIT_PROFILER64 = /opt/intel/oneapi/advisor/2022.0.0/lib64/runtime/libittnotify_collector.so
68 [140476279915392] INFO perfrun.launcher <> - set environment variable: VS_PROFILER = libittnotify_collector.so
68 [140476279915392] INFO perfrun.launcher <> - set environment variable: OMP_TOOL_LIBRARIES = /opt/intel/oneapi/advisor/2022.0.0/lib32/runtime/libittnotify_collector.so:/opt/intel/oneapi/advisor/2022.0.0/lib64/runtime/libittnotify_collector.so
68 [140476279915392] INFO perfrun.launcher <> - set environment variable: ENABLE_JITPROFILING = 1
68 [140476279915392] INFO perfrun.launcher <> - set environment variable: CL_CONFIG_USE_VTUNE = True
69 [140476279915392] INFO perfrun.launcher <> - set environment variable: KMP_FORKJOIN_FRAMES = 0
69 [140476279915392] INFO perfrun.launcher <> - set environment variable: KMP_FORKJOIN_FRAMES_MODE = 0
69 [140476279915392] INFO perfrun.launcher <> - set environment variable: OMP_TOOL = disabled
69 [140476279915392] INFO perfrun.launcher <> - set environment variable: INTEL_MRTE_DATA_DIR = /home/leibov/Documents/FC_SDNN/RelWithDebInfo/e000/hs000/data.0
69 [140476279915392] INFO perfrun.launcher <> - set environment variable: INTEL_MRTE_HOST_NAME = ubuntu
69 [140476279915392] INFO perfrun.launcher <> - set environment variable: JAVA_TOOL_OPTIONS = -agentlib:advixe_tpssmrte_javaprof_1.0 -Dsun.boot.library.path=/opt/intel/oneapi/advisor/2022.0.0/lib32/runtime:/opt/intel/oneapi/advisor/2022.0.0/lib64/runtime
69 [140476279915392] INFO perfrun.launcher <> - set environment variable: LD_LIBRARY_PATH = /opt/intel/oneapi/advisor/2022.0.0/lib32/runtime:/opt/intel/oneapi/advisor/2022.0.0/lib64/runtime:/opt/intel/oneapi/tbb/2021.5.1/env/../lib/intel64/gcc4.8:/opt/intel/oneapi/mpi/2021.5.1//libfabric/lib:/opt/intel/oneapi/mpi/2021.5.1//lib/release:/opt/intel/oneapi/mpi/2021.5.1//lib:/opt/intel/oneapi/mkl/2022.0.2/lib/intel64:/opt/intel/oneapi/itac/2021.5.0/slib:/opt/intel/oneapi/ipp/2021.5.2/lib/intel64:/opt/intel/oneapi/debugger/2021.5.0/gdb/intel64/lib:/opt/intel/oneapi/debugger/2021.5.0/libipt/intel64/lib:/opt/intel/oneapi/debugger/2021.5.0/dep/lib:/opt/intel/oneapi/compiler/2022.0.2/linux/lib:/opt/intel/oneapi/compiler/2022.0.2/linux/lib/x64:/opt/intel/oneapi/compiler/2022.0.2/linux/lib/oclfpga/host/linux64/lib:/opt/intel/oneapi/compiler/2022.0.2/linux/compiler/lib/intel64_lin:/opt/intel/oneapi/ccl/2021.5.1/lib/cpu_gpu_dpcpp
69 [140476279915392] INFO perfrun.launcher <> - RpcServer: run RPC server to handle requests
69 [140476279915392] INFO perfrun.launcher <> - Launcher: command line to start before modification = ./Test_shock_solver
69 [140476279915392] INFO perfrun.launcher <> - Launcher: command line to start after modification = /opt/intel/oneapi/advisor/2022.0.0/bin64/pin -error_file /home/leibov/Documents/FC_SDNN/RelWithDebInfo/e000/hs000/data.0/pinerr.tpsslog -detach_reattach -follow_execv -tool_load_option deepbind -t64 /opt/intel/oneapi/advisor/2022.0.0/lib64/libtpsstool.so -t /opt/intel/oneapi/advisor/2022.0.0/lib32/libtpsstool.so -server_name tpss_ipc.11000 -prd_dir /opt/intel/oneapi/advisor/2022.0.0 -- ./Test_shock_solver
69 [140476279915392] INFO perfrun.launcher <> - ProcessCreator object was created
70 [140476279915392] INFO perfrun.launcher <> - Launcher: the process was started in suspend mode
72 [140476270388992] WARN perfrun.system <> - Could not do anything with /sys/kernel/debug/kvm: boost::filesystem::status: Permission denied: "/sys/kernel/debug/kvm", at file: vcs/perfrun1/plugins/system/src/trace_writer.cpp:797
72 [140476270388992] WARN perfrun.system <> - Folder "/var/run/libvirt/qemu/"doesn't exist, at file: vcs/perfrun1/plugins/system/src/trace_writer.cpp:810
72 [140476270388992] WARN perfrun.sdk <> - Failed to find xl binary on any of the system paths: /bin, /sbin, /usr/bin, /usr/sbin., at file: vcs/perfrun1/sdk/src/utils.cpp:198
75 [140476270388992] INFO perfrun.vdso <> - Helper runtool '/opt/intel/oneapi/advisor/2022.0.0/bin32/advixe-runss -dump-vdso -r /home/leibov/Documents/FC_SDNN/RelWithDebInfo/e000/hs000 --tmp-dir /tmp/advixe-tmp-leibov' returned 1
135 [140476270388992] INFO perfrun.vdso <> - Helper runtool '/opt/intel/oneapi/advisor/2022.0.0/bin64/advixe-runss -dump-vdso -r /home/leibov/Documents/FC_SDNN/RelWithDebInfo/e000/hs000 --tmp-dir /tmp/advixe-tmp-leibov' returned 0
135 [140476270388992] INFO perfrun.itt <> - start itt controller for pid #11005
135 [140476270388992] INFO perfrun.tpss <> - start tpss controller for pid #11005
186 [140476279915392] INFO perfrun.launcher <> - Launcher: all plugins were started
186 [140476279915392] INFO perfrun.launcher <> - DirectoryMonitor object was created
186 [140476279915392] INFO perfrun.launcher <> - DirectoryMonitor: a callback was added
186 [140476279915392] INFO perfrun.launcher <> - DirectoryMonitor was started with pingTime = 1000
186 [140476279915392] INFO perfrun.launcher <> - DeadlineTimer is going to be constructed
186 [140476279915392] INFO perfrun.launcher <> - DeadlineTimer: a callback was added
189 [140476279915392] INFO perfrun.launcher <> - Launcher: resume the profiled application and  wait its termination or stop command
21806 [140476279915392] INFO perfrun.launcher <> - Launcher: the profiled application was terminated  with exit code = 0
21809 [140476270388992] INFO perfrun.itt <> - detach itt controller
21809 [140476270388992] INFO perfrun.itt <> - detach itt controller done
21809 [140476270388992] INFO perfrun.tpss <> - stop tpss controller
21812 [140476270388992] INFO perfrun.sdk <> - De-allocating TMU: /home/leibov/Documents/FC_SDNN/RelWithDebInfo/e000/hs000/data.0/systemcollector-11000-ubuntu.sc
21812 [140476270388992] INFO perfrun.system <> - closed the system trace file: /home/leibov/Documents/FC_SDNN/RelWithDebInfo/e000/hs000/data.0/systemcollector-11000-ubuntu.sc
21812 [140476279915392] INFO perfrun.launcher <> - Launcher: all plugins were stopped.
21812 [140476279915392] INFO perfrun.launcher <> - DeadlineTimer is going to be destroyed
21812 [140476279915392] INFO perfrun.launcher <> - DeadlineTimer was destroyed
21812 [140476279915392] INFO perfrun.launcher <> - DirectoryMonitor object was destroyed
21812 [140476279915392] WARN perfrun.launcher <> - Stop command is ignored because it is received when collection is already stopped, at file: vcs/perfrun1/launcher/src/command_handler.cpp:212
21812 [140476279915392] INFO perfrun.launcher <> - Application exit code: 0
21812 [140476279915392] INFO perfrun.launcher <> - Exit code: 0
