8 [140584131274624] INFO perfrun.launcher <> - Launcher main begin
9 [140584131274624] INFO perfrun.launcher <> - MessageCatalogInit finished
9 [140584131274624] INFO perfrun.launcher <> - Launcher instance created
9 [140584131274624] INFO perfrun.launcher <> - argc = 6; cmdline = /opt/intel/oneapi/advisor/2022.0.0/bin64/advixe-runss -dump-vdso -r /home/leibov/Documents/FC_SDNN/RelWithDebInfo/e000/hs000 --tmp-dir /tmp/advixe-tmp-leibov 
39 [140584131274624] INFO perfrun.launcher <> - create msngr2::ICliToolContext
39 [140584131274624] INFO perfrun.launcher <> - create file finder object
40 [140584121759488] INFO perfrun.launcher <> - plugin [remoteplug] was disabled because it doesn't support the given collection type.
40 [140584121759488] INFO perfrun.launcher <> - plugin [system] was disabled because it doesn't support the given collection type.
40 [140584121759488] INFO perfrun.vdso <> - dumping [vdso] pseudomodule
41 [140584121759488] INFO perfrun.launcher <> - plugin [itt] was disabled because it doesn't support the given collection type.
41 [140584121759488] INFO perfrun.launcher <> - plugin [] was disabled because it doesn't support the given collection type.
41 [140584121759488] INFO perfrun.launcher <> - plugin [gpu] was disabled because it doesn't support the given collection type.
41 [140584121759488] INFO perfrun.launcher <> - plugin [] was disabled because it doesn't support the given collection type.
41 [140584121759488] INFO perfrun.launcher <> - plugin [] was disabled because it doesn't support the given collection type.
41 [140584121759488] INFO perfrun.launcher <> - plugin [] was disabled because it doesn't support the given collection type.
41 [140584121759488] INFO perfrun.launcher <> - plugin [mrte] was disabled because it doesn't support the given collection type.
41 [140584121759488] INFO perfrun.launcher <> - plugin [] was disabled because it doesn't support the given collection type.
41 [140584121759488] INFO perfrun.launcher <> - plugin [] was disabled because it doesn't support the given collection type.
41 [140584121759488] INFO perfrun.launcher <> - plugin [] was disabled because it doesn't support the given collection type.
41 [140584121759488] INFO perfrun.launcher <> - plugin [] was disabled because it doesn't support the given collection type.
41 [140584121759488] INFO perfrun.launcher <> - plugin [] was disabled because it doesn't support the given collection type.
41 [140584121759488] INFO perfrun.launcher <> - plugin [] was disabled because it doesn't support the given collection type.
41 [140584121759488] INFO perfrun.launcher <> - plugin [] was disabled because it doesn't support the given collection type.
41 [140584121759488] INFO perfrun.launcher <> - plugin [tpss] was disabled because it doesn't support the given collection type.
41 [140584121759488] INFO perfrun.launcher <> - plugin [] was disabled because it doesn't support the given collection type.
41 [140584121759488] INFO perfrun.launcher <> - plugin [] was disabled because it doesn't support the given collection type.
41 [140584121759488] INFO perfrun.launcher <> - plugin [] was disabled because it doesn't support the given collection type.
41 [140584121759488] INFO perfrun.launcher <> - plugin [] was disabled because it doesn't support the given collection type.
41 [140584121759488] INFO perfrun.launcher <> - plugin [] was disabled because it doesn't support the given collection type.
41 [140584121759488] INFO perfrun.launcher <> - plugin [] was disabled because it doesn't support the given collection type.
41 [140584121759488] INFO perfrun.launcher <> - plugin [] was disabled because it doesn't support the given collection type.
41 [140584121759488] INFO perfrun.launcher <> - plugin [] was disabled because it doesn't support the given collection type.
41 [140584121759488] INFO perfrun.launcher <> - plugin [] was disabled because it doesn't support the given collection type.
41 [140584131274624] INFO perfrun.launcher <> - Application exit code: 0
41 [140584131274624] INFO perfrun.launcher <> - Exit code: 0
