8 [140314804508544] INFO perfrun.launcher <> - Launcher main begin
9 [140314804508544] INFO perfrun.launcher <> - MessageCatalogInit finished
9 [140314804508544] INFO perfrun.launcher <> - Launcher instance created
9 [140314804508544] INFO perfrun.launcher <> - argc = 6; cmdline = /opt/intel/oneapi/advisor/2022.0.0/bin64/advixe-runss -dump-vdso -r /home/leibov/Documents/FC_SDNN/RelWithDebInfo/e000/hs000 --tmp-dir /tmp/advixe-tmp-leibov 
43 [140314804508544] INFO perfrun.launcher <> - create msngr2::ICliToolContext
44 [140314804508544] INFO perfrun.launcher <> - create file finder object
44 [140314794993408] INFO perfrun.launcher <> - plugin [remoteplug] was disabled because it doesn't support the given collection type.
44 [140314794993408] INFO perfrun.launcher <> - plugin [system] was disabled because it doesn't support the given collection type.
44 [140314794993408] INFO perfrun.vdso <> - dumping [vdso] pseudomodule
47 [140314794993408] INFO perfrun.launcher <> - plugin [itt] was disabled because it doesn't support the given collection type.
47 [140314794993408] INFO perfrun.launcher <> - plugin [] was disabled because it doesn't support the given collection type.
47 [140314794993408] INFO perfrun.launcher <> - plugin [gpu] was disabled because it doesn't support the given collection type.
47 [140314794993408] INFO perfrun.launcher <> - plugin [] was disabled because it doesn't support the given collection type.
47 [140314794993408] INFO perfrun.launcher <> - plugin [] was disabled because it doesn't support the given collection type.
47 [140314794993408] INFO perfrun.launcher <> - plugin [] was disabled because it doesn't support the given collection type.
47 [140314794993408] INFO perfrun.launcher <> - plugin [mrte] was disabled because it doesn't support the given collection type.
47 [140314794993408] INFO perfrun.launcher <> - plugin [] was disabled because it doesn't support the given collection type.
47 [140314794993408] INFO perfrun.launcher <> - plugin [] was disabled because it doesn't support the given collection type.
47 [140314794993408] INFO perfrun.launcher <> - plugin [] was disabled because it doesn't support the given collection type.
47 [140314794993408] INFO perfrun.launcher <> - plugin [] was disabled because it doesn't support the given collection type.
47 [140314794993408] INFO perfrun.launcher <> - plugin [] was disabled because it doesn't support the given collection type.
47 [140314794993408] INFO perfrun.launcher <> - plugin [] was disabled because it doesn't support the given collection type.
47 [140314794993408] INFO perfrun.launcher <> - plugin [] was disabled because it doesn't support the given collection type.
47 [140314794993408] INFO perfrun.launcher <> - plugin [tpss] was disabled because it doesn't support the given collection type.
47 [140314794993408] INFO perfrun.launcher <> - plugin [] was disabled because it doesn't support the given collection type.
47 [140314794993408] INFO perfrun.launcher <> - plugin [] was disabled because it doesn't support the given collection type.
47 [140314794993408] INFO perfrun.launcher <> - plugin [] was disabled because it doesn't support the given collection type.
47 [140314794993408] INFO perfrun.launcher <> - plugin [] was disabled because it doesn't support the given collection type.
47 [140314794993408] INFO perfrun.launcher <> - plugin [] was disabled because it doesn't support the given collection type.
47 [140314794993408] INFO perfrun.launcher <> - plugin [] was disabled because it doesn't support the given collection type.
47 [140314794993408] INFO perfrun.launcher <> - plugin [] was disabled because it doesn't support the given collection type.
47 [140314794993408] INFO perfrun.launcher <> - plugin [] was disabled because it doesn't support the given collection type.
47 [140314794993408] INFO perfrun.launcher <> - plugin [] was disabled because it doesn't support the given collection type.
47 [140314804508544] INFO perfrun.launcher <> - Application exit code: 0
47 [140314804508544] INFO perfrun.launcher <> - Exit code: 0
