Peak bandwidth measurement started...
Peak bandwidth measurement finished.
Analysis started...
Collection has been started.
Result file: /home/dleibovi/Documents/C++/Shock solver (copy)/Shock_solver_adv/e000/trc000/trc000.advixe 
Collection has stopped. Application exit code: 
Application exit code: 0 
Result file: /home/dleibovi/Documents/C++/Shock solver (copy)/Shock_solver_adv/e000/trc000/trc000.advixe 
Analysis completed
Finalizing results
Finalizing the result
Loading raw data to the database
Loading 'bandwidth_1642891307.hpc' file
Loading 'tripcounts_3362_0.tcs' file
Updating precomputed scalar metrics
Raw data has been loaded to the database, elapsed time is 0.650 seconds.
Processing profile metrics and debug information
Data transformations have been finished, elapsed time is 0.000 seconds.
Setting data model parameters
Resolving module symbols
Resolving information for dangling locations
Symbol resolution has been finished, elapsed time is 0.096 seconds.
Processing profile metrics and debug information
Resolving FLOP information
Processing information for self instruction mix report
Calculating function call count
Processing information for light dynamic instruction mix report
Deferred data transformations have been finished, elapsed time is 25.998 seconds.
Setting data model parameters
Data model parameters have been set, elapsed time is 0.034 seconds.
Precomputing frequently used data
Precomputing frequently used data
Updating precomputed scalar metrics
Precomputing frequently used data has been finished, elapsed time is 0.082 seconds.
Discarding redundant overtime data
Saving the result
Redundant overtime data has been discarded, elapsed time is 0.002 seconds.
Raw collector data has been discarded, elapsed time is 0.000 seconds.
Finalizing the result took 26.960 seconds.
Preparing data for display of survey call tree
