The system is: Linux - 3.10.0-514.2.2.el7.x86_64 - x86_64
Compiling the C compiler identification source file "CMakeCCompilerId.c" succeeded.
Compiler: /usr/bin/cc 
Build flags: 
Id flags:  

The output was:
0


Compilation of the C compiler identification source "CMakeCCompilerId.c" produced "a.out"

The C compiler identification is GNU, found in "/home/dleibovi/Documents/C++/Shock solver (copy)/debug/CMakeFiles/3.17.1/CompilerIdC/a.out"

Compiling the CXX compiler identification source file "CMakeCXXCompilerId.cpp" succeeded.
Compiler: /opt/ohpc/pub/compiler/intel/compiler/2021.1.1/linux/bin/intel64/icpc 
Build flags: 
Id flags:  

The output was:
0


Compilation of the CXX compiler identification source "CMakeCXXCompilerId.cpp" produced "a.out"

The CXX compiler identification is Intel, found in "/home/dleibovi/Documents/C++/Shock solver (copy)/debug/CMakeFiles/3.17.1/CompilerIdCXX/a.out"

Determining if the C compiler works passed with the following output:
Change Dir: /home/dleibovi/Documents/C++/Shock solver (copy)/debug/CMakeFiles/CMakeTmp

Run Build Command(s):/usr/bin/gmake cmTC_b80c8/fast && /usr/bin/gmake  -f CMakeFiles/cmTC_b80c8.dir/build.make CMakeFiles/cmTC_b80c8.dir/build
gmake[1]: Entering directory `/home/dleibovi/Documents/C++/Shock solver (copy)/debug/CMakeFiles/CMakeTmp'
Building C object CMakeFiles/cmTC_b80c8.dir/testCCompiler.c.o
/usr/bin/cc    -o CMakeFiles/cmTC_b80c8.dir/testCCompiler.c.o   -c "/home/dleibovi/Documents/C++/Shock solver (copy)/debug/CMakeFiles/CMakeTmp/testCCompiler.c"
Linking C executable cmTC_b80c8
/usr/bin/cmake3 -E cmake_link_script CMakeFiles/cmTC_b80c8.dir/link.txt --verbose=1
/usr/bin/cc      -rdynamic CMakeFiles/cmTC_b80c8.dir/testCCompiler.c.o  -o cmTC_b80c8 
gmake[1]: Leaving directory `/home/dleibovi/Documents/C++/Shock solver (copy)/debug/CMakeFiles/CMakeTmp'



Detecting C compiler ABI info compiled with the following output:
Change Dir: /home/dleibovi/Documents/C++/Shock solver (copy)/debug/CMakeFiles/CMakeTmp

Run Build Command(s):/usr/bin/gmake cmTC_a9c24/fast && /usr/bin/gmake  -f CMakeFiles/cmTC_a9c24.dir/build.make CMakeFiles/cmTC_a9c24.dir/build
gmake[1]: Entering directory `/home/dleibovi/Documents/C++/Shock solver (copy)/debug/CMakeFiles/CMakeTmp'
Building C object CMakeFiles/cmTC_a9c24.dir/CMakeCCompilerABI.c.o
/usr/bin/cc   -v -o CMakeFiles/cmTC_a9c24.dir/CMakeCCompilerABI.c.o   -c /usr/share/cmake3/Modules/CMakeCCompilerABI.c
Using built-in specs.
COLLECT_GCC=/usr/bin/cc
Target: x86_64-redhat-linux
Configured with: ../configure --prefix=/usr --mandir=/usr/share/man --infodir=/usr/share/info --with-bugurl=http://bugzilla.redhat.com/bugzilla --enable-bootstrap --enable-shared --enable-threads=posix --enable-checking=release --with-system-zlib --enable-__cxa_atexit --disable-libunwind-exceptions --enable-gnu-unique-object --enable-linker-build-id --with-linker-hash-style=gnu --enable-languages=c,c++,objc,obj-c++,java,fortran,ada,go,lto --enable-plugin --enable-initfini-array --disable-libgcj --with-isl=/builddir/build/BUILD/gcc-4.8.5-20150702/obj-x86_64-redhat-linux/isl-install --with-cloog=/builddir/build/BUILD/gcc-4.8.5-20150702/obj-x86_64-redhat-linux/cloog-install --enable-gnu-indirect-function --with-tune=generic --with-arch_32=x86-64 --build=x86_64-redhat-linux
Thread model: posix
gcc version 4.8.5 20150623 (Red Hat 4.8.5-16) (GCC) 
COLLECT_GCC_OPTIONS='-v' '-o' 'CMakeFiles/cmTC_a9c24.dir/CMakeCCompilerABI.c.o' '-c' '-mtune=generic' '-march=x86-64'
 /usr/libexec/gcc/x86_64-redhat-linux/4.8.5/cc1 -quiet -v /usr/share/cmake3/Modules/CMakeCCompilerABI.c -quiet -dumpbase CMakeCCompilerABI.c -mtune=generic -march=x86-64 -auxbase-strip CMakeFiles/cmTC_a9c24.dir/CMakeCCompilerABI.c.o -version -o /tmp/ccanZf8J.s
GNU C (GCC) version 4.8.5 20150623 (Red Hat 4.8.5-16) (x86_64-redhat-linux)
	compiled by GNU C version 4.8.5 20150623 (Red Hat 4.8.5-16), GMP version 6.0.0, MPFR version 3.1.1, MPC version 1.0.1
GGC heuristics: --param ggc-min-expand=100 --param ggc-min-heapsize=131072
ignoring nonexistent directory "/usr/lib/gcc/x86_64-redhat-linux/4.8.5/include-fixed"
ignoring nonexistent directory "/usr/lib/gcc/x86_64-redhat-linux/4.8.5/../../../../x86_64-redhat-linux/include"
#include "..." search starts here:
#include <...> search starts here:
 /opt/ohpc/pub/compiler/intel/compilers_and_libraries_2017.2.174/linux/tbb/include
 /usr/lib/gcc/x86_64-redhat-linux/4.8.5/include
 /usr/local/include
 /usr/include
End of search list.
GNU C (GCC) version 4.8.5 20150623 (Red Hat 4.8.5-16) (x86_64-redhat-linux)
	compiled by GNU C version 4.8.5 20150623 (Red Hat 4.8.5-16), GMP version 6.0.0, MPFR version 3.1.1, MPC version 1.0.1
GGC heuristics: --param ggc-min-expand=100 --param ggc-min-heapsize=131072
Compiler executable checksum: 25c276d835072ed72bab97eea8b3b665
COLLECT_GCC_OPTIONS='-v' '-o' 'CMakeFiles/cmTC_a9c24.dir/CMakeCCompilerABI.c.o' '-c' '-mtune=generic' '-march=x86-64'
 as -v --64 -o CMakeFiles/cmTC_a9c24.dir/CMakeCCompilerABI.c.o /tmp/ccanZf8J.s
GNU assembler version 2.23.52.0.1 (x86_64-redhat-linux) using BFD version version 2.23.52.0.1-55.el7 20130226
COMPILER_PATH=/usr/libexec/gcc/x86_64-redhat-linux/4.8.5/:/usr/libexec/gcc/x86_64-redhat-linux/4.8.5/:/usr/libexec/gcc/x86_64-redhat-linux/:/usr/lib/gcc/x86_64-redhat-linux/4.8.5/:/usr/lib/gcc/x86_64-redhat-linux/
LIBRARY_PATH=/usr/lib/gcc/x86_64-redhat-linux/4.8.5/:/usr/lib/gcc/x86_64-redhat-linux/4.8.5/../../../../lib64/:/lib/../lib64/:/usr/lib/../lib64/:/opt/ohpc/pub/compiler/intel/compilers_and_libraries_2017.2.174/linux/compiler/lib/intel64/:/opt/ohpc/pub/compiler/intel/compilers_and_libraries_2017.2.174/linux/ipp/lib/intel64/:/opt/ohpc/pub/compiler/intel/compilers_and_libraries_2017.2.174/linux/compiler/lib/intel64/:/opt/ohpc/pub/compiler/intel/compilers_and_libraries_2017.2.174/linux/mkl/lib/intel64/:/opt/ohpc/pub/compiler/intel/compilers_and_libraries_2017.2.174/linux/tbb/lib/intel64/gcc4.4/:/opt/ohpc/pub/compiler/intel/compilers_and_libraries_2017.2.174/linux/daal/lib/intel64_lin/:/opt/ohpc/pub/compiler/intel/compilers_and_libraries_2017.2.174/linux/tbb/lib/intel64_lin/gcc4.4/:/opt/ohpc/pub/compiler/intel/compilers_and_libraries_2017.2.174/linux/compiler/lib/intel64_lin/:/usr/lib/gcc/x86_64-redhat-linux/4.8.5/../../../:/lib/:/usr/lib/
COLLECT_GCC_OPTIONS='-v' '-o' 'CMakeFiles/cmTC_a9c24.dir/CMakeCCompilerABI.c.o' '-c' '-mtune=generic' '-march=x86-64'
Linking C executable cmTC_a9c24
/usr/bin/cmake3 -E cmake_link_script CMakeFiles/cmTC_a9c24.dir/link.txt --verbose=1
/usr/bin/cc     -v -rdynamic CMakeFiles/cmTC_a9c24.dir/CMakeCCompilerABI.c.o  -o cmTC_a9c24 
Using built-in specs.
COLLECT_GCC=/usr/bin/cc
COLLECT_LTO_WRAPPER=/usr/libexec/gcc/x86_64-redhat-linux/4.8.5/lto-wrapper
Target: x86_64-redhat-linux
Configured with: ../configure --prefix=/usr --mandir=/usr/share/man --infodir=/usr/share/info --with-bugurl=http://bugzilla.redhat.com/bugzilla --enable-bootstrap --enable-shared --enable-threads=posix --enable-checking=release --with-system-zlib --enable-__cxa_atexit --disable-libunwind-exceptions --enable-gnu-unique-object --enable-linker-build-id --with-linker-hash-style=gnu --enable-languages=c,c++,objc,obj-c++,java,fortran,ada,go,lto --enable-plugin --enable-initfini-array --disable-libgcj --with-isl=/builddir/build/BUILD/gcc-4.8.5-20150702/obj-x86_64-redhat-linux/isl-install --with-cloog=/builddir/build/BUILD/gcc-4.8.5-20150702/obj-x86_64-redhat-linux/cloog-install --enable-gnu-indirect-function --with-tune=generic --with-arch_32=x86-64 --build=x86_64-redhat-linux
Thread model: posix
gcc version 4.8.5 20150623 (Red Hat 4.8.5-16) (GCC) 
COMPILER_PATH=/usr/libexec/gcc/x86_64-redhat-linux/4.8.5/:/usr/libexec/gcc/x86_64-redhat-linux/4.8.5/:/usr/libexec/gcc/x86_64-redhat-linux/:/usr/lib/gcc/x86_64-redhat-linux/4.8.5/:/usr/lib/gcc/x86_64-redhat-linux/
LIBRARY_PATH=/usr/lib/gcc/x86_64-redhat-linux/4.8.5/:/usr/lib/gcc/x86_64-redhat-linux/4.8.5/../../../../lib64/:/lib/../lib64/:/usr/lib/../lib64/:/opt/ohpc/pub/compiler/intel/compilers_and_libraries_2017.2.174/linux/compiler/lib/intel64/:/opt/ohpc/pub/compiler/intel/compilers_and_libraries_2017.2.174/linux/ipp/lib/intel64/:/opt/ohpc/pub/compiler/intel/compilers_and_libraries_2017.2.174/linux/compiler/lib/intel64/:/opt/ohpc/pub/compiler/intel/compilers_and_libraries_2017.2.174/linux/mkl/lib/intel64/:/opt/ohpc/pub/compiler/intel/compilers_and_libraries_2017.2.174/linux/tbb/lib/intel64/gcc4.4/:/opt/ohpc/pub/compiler/intel/compilers_and_libraries_2017.2.174/linux/daal/lib/intel64_lin/:/opt/ohpc/pub/compiler/intel/compilers_and_libraries_2017.2.174/linux/tbb/lib/intel64_lin/gcc4.4/:/opt/ohpc/pub/compiler/intel/compilers_and_libraries_2017.2.174/linux/compiler/lib/intel64_lin/:/usr/lib/gcc/x86_64-redhat-linux/4.8.5/../../../:/lib/:/usr/lib/
COLLECT_GCC_OPTIONS='-v' '-rdynamic' '-o' 'cmTC_a9c24' '-mtune=generic' '-march=x86-64'
 /usr/libexec/gcc/x86_64-redhat-linux/4.8.5/collect2 --build-id --no-add-needed --eh-frame-hdr --hash-style=gnu -m elf_x86_64 -export-dynamic -dynamic-linker /lib64/ld-linux-x86-64.so.2 -o cmTC_a9c24 /usr/lib/gcc/x86_64-redhat-linux/4.8.5/../../../../lib64/crt1.o /usr/lib/gcc/x86_64-redhat-linux/4.8.5/../../../../lib64/crti.o /usr/lib/gcc/x86_64-redhat-linux/4.8.5/crtbegin.o -L/usr/lib/gcc/x86_64-redhat-linux/4.8.5 -L/usr/lib/gcc/x86_64-redhat-linux/4.8.5/../../../../lib64 -L/lib/../lib64 -L/usr/lib/../lib64 -L/opt/ohpc/pub/compiler/intel/compilers_and_libraries_2017.2.174/linux/compiler/lib/intel64 -L/opt/ohpc/pub/compiler/intel/compilers_and_libraries_2017.2.174/linux/ipp/lib/intel64 -L/opt/ohpc/pub/compiler/intel/compilers_and_libraries_2017.2.174/linux/compiler/lib/intel64 -L/opt/ohpc/pub/compiler/intel/compilers_and_libraries_2017.2.174/linux/mkl/lib/intel64 -L/opt/ohpc/pub/compiler/intel/compilers_and_libraries_2017.2.174/linux/tbb/lib/intel64/gcc4.4 -L/opt/ohpc/pub/compiler/intel/compilers_and_libraries_2017.2.174/linux/daal/lib/intel64_lin -L/opt/ohpc/pub/compiler/intel/compilers_and_libraries_2017.2.174/linux/tbb/lib/intel64_lin/gcc4.4 -L/opt/ohpc/pub/compiler/intel/compilers_and_libraries_2017.2.174/linux/compiler/lib/intel64_lin -L/usr/lib/gcc/x86_64-redhat-linux/4.8.5/../../.. CMakeFiles/cmTC_a9c24.dir/CMakeCCompilerABI.c.o -lgcc --as-needed -lgcc_s --no-as-needed -lc -lgcc --as-needed -lgcc_s --no-as-needed /usr/lib/gcc/x86_64-redhat-linux/4.8.5/crtend.o /usr/lib/gcc/x86_64-redhat-linux/4.8.5/../../../../lib64/crtn.o
gmake[1]: Leaving directory `/home/dleibovi/Documents/C++/Shock solver (copy)/debug/CMakeFiles/CMakeTmp'



Parsed C implicit include dir info from above output: rv=done
  found start of include info
  found start of implicit include info
    add: [/opt/ohpc/pub/compiler/intel/compilers_and_libraries_2017.2.174/linux/tbb/include]
    add: [/usr/lib/gcc/x86_64-redhat-linux/4.8.5/include]
    add: [/usr/local/include]
    add: [/usr/include]
  end of search list found
  collapse include dir [/opt/ohpc/pub/compiler/intel/compilers_and_libraries_2017.2.174/linux/tbb/include] ==> [/opt/ohpc/pub/compiler/intel/compilers_and_libraries_2017.2.174/linux/tbb/include]
  collapse include dir [/usr/lib/gcc/x86_64-redhat-linux/4.8.5/include] ==> [/usr/lib/gcc/x86_64-redhat-linux/4.8.5/include]
  collapse include dir [/usr/local/include] ==> [/usr/local/include]
  collapse include dir [/usr/include] ==> [/usr/include]
  implicit include dirs: [/opt/ohpc/pub/compiler/intel/compilers_and_libraries_2017.2.174/linux/tbb/include;/usr/lib/gcc/x86_64-redhat-linux/4.8.5/include;/usr/local/include;/usr/include]


Parsed C implicit link information from above output:
  link line regex: [^( *|.*[/\])(ld|CMAKE_LINK_STARTFILE-NOTFOUND|([^/\]+-)?ld|collect2)[^/\]*( |$)]
  ignore line: [Change Dir: /home/dleibovi/Documents/C++/Shock solver (copy)/debug/CMakeFiles/CMakeTmp]
  ignore line: []
  ignore line: [Run Build Command(s):/usr/bin/gmake cmTC_a9c24/fast && /usr/bin/gmake  -f CMakeFiles/cmTC_a9c24.dir/build.make CMakeFiles/cmTC_a9c24.dir/build]
  ignore line: [gmake[1]: Entering directory `/home/dleibovi/Documents/C++/Shock solver (copy)/debug/CMakeFiles/CMakeTmp']
  ignore line: [Building C object CMakeFiles/cmTC_a9c24.dir/CMakeCCompilerABI.c.o]
  ignore line: [/usr/bin/cc   -v -o CMakeFiles/cmTC_a9c24.dir/CMakeCCompilerABI.c.o   -c /usr/share/cmake3/Modules/CMakeCCompilerABI.c]
  ignore line: [Using built-in specs.]
  ignore line: [COLLECT_GCC=/usr/bin/cc]
  ignore line: [Target: x86_64-redhat-linux]
  ignore line: [Configured with: ../configure --prefix=/usr --mandir=/usr/share/man --infodir=/usr/share/info --with-bugurl=http://bugzilla.redhat.com/bugzilla --enable-bootstrap --enable-shared --enable-threads=posix --enable-checking=release --with-system-zlib --enable-__cxa_atexit --disable-libunwind-exceptions --enable-gnu-unique-object --enable-linker-build-id --with-linker-hash-style=gnu --enable-languages=c c++ objc obj-c++ java fortran ada go lto --enable-plugin --enable-initfini-array --disable-libgcj --with-isl=/builddir/build/BUILD/gcc-4.8.5-20150702/obj-x86_64-redhat-linux/isl-install --with-cloog=/builddir/build/BUILD/gcc-4.8.5-20150702/obj-x86_64-redhat-linux/cloog-install --enable-gnu-indirect-function --with-tune=generic --with-arch_32=x86-64 --build=x86_64-redhat-linux]
  ignore line: [Thread model: posix]
  ignore line: [gcc version 4.8.5 20150623 (Red Hat 4.8.5-16) (GCC) ]
  ignore line: [COLLECT_GCC_OPTIONS='-v' '-o' 'CMakeFiles/cmTC_a9c24.dir/CMakeCCompilerABI.c.o' '-c' '-mtune=generic' '-march=x86-64']
  ignore line: [ /usr/libexec/gcc/x86_64-redhat-linux/4.8.5/cc1 -quiet -v /usr/share/cmake3/Modules/CMakeCCompilerABI.c -quiet -dumpbase CMakeCCompilerABI.c -mtune=generic -march=x86-64 -auxbase-strip CMakeFiles/cmTC_a9c24.dir/CMakeCCompilerABI.c.o -version -o /tmp/ccanZf8J.s]
  ignore line: [GNU C (GCC) version 4.8.5 20150623 (Red Hat 4.8.5-16) (x86_64-redhat-linux)]
  ignore line: [	compiled by GNU C version 4.8.5 20150623 (Red Hat 4.8.5-16)  GMP version 6.0.0  MPFR version 3.1.1  MPC version 1.0.1]
  ignore line: [GGC heuristics: --param ggc-min-expand=100 --param ggc-min-heapsize=131072]
  ignore line: [ignoring nonexistent directory "/usr/lib/gcc/x86_64-redhat-linux/4.8.5/include-fixed"]
  ignore line: [ignoring nonexistent directory "/usr/lib/gcc/x86_64-redhat-linux/4.8.5/../../../../x86_64-redhat-linux/include"]
  ignore line: [#include "..." search starts here:]
  ignore line: [#include <...> search starts here:]
  ignore line: [ /opt/ohpc/pub/compiler/intel/compilers_and_libraries_2017.2.174/linux/tbb/include]
  ignore line: [ /usr/lib/gcc/x86_64-redhat-linux/4.8.5/include]
  ignore line: [ /usr/local/include]
  ignore line: [ /usr/include]
  ignore line: [End of search list.]
  ignore line: [GNU C (GCC) version 4.8.5 20150623 (Red Hat 4.8.5-16) (x86_64-redhat-linux)]
  ignore line: [	compiled by GNU C version 4.8.5 20150623 (Red Hat 4.8.5-16)  GMP version 6.0.0  MPFR version 3.1.1  MPC version 1.0.1]
  ignore line: [GGC heuristics: --param ggc-min-expand=100 --param ggc-min-heapsize=131072]
  ignore line: [Compiler executable checksum: 25c276d835072ed72bab97eea8b3b665]
  ignore line: [COLLECT_GCC_OPTIONS='-v' '-o' 'CMakeFiles/cmTC_a9c24.dir/CMakeCCompilerABI.c.o' '-c' '-mtune=generic' '-march=x86-64']
  ignore line: [ as -v --64 -o CMakeFiles/cmTC_a9c24.dir/CMakeCCompilerABI.c.o /tmp/ccanZf8J.s]
  ignore line: [GNU assembler version 2.23.52.0.1 (x86_64-redhat-linux) using BFD version version 2.23.52.0.1-55.el7 20130226]
  ignore line: [COMPILER_PATH=/usr/libexec/gcc/x86_64-redhat-linux/4.8.5/:/usr/libexec/gcc/x86_64-redhat-linux/4.8.5/:/usr/libexec/gcc/x86_64-redhat-linux/:/usr/lib/gcc/x86_64-redhat-linux/4.8.5/:/usr/lib/gcc/x86_64-redhat-linux/]
  ignore line: [LIBRARY_PATH=/usr/lib/gcc/x86_64-redhat-linux/4.8.5/:/usr/lib/gcc/x86_64-redhat-linux/4.8.5/../../../../lib64/:/lib/../lib64/:/usr/lib/../lib64/:/opt/ohpc/pub/compiler/intel/compilers_and_libraries_2017.2.174/linux/compiler/lib/intel64/:/opt/ohpc/pub/compiler/intel/compilers_and_libraries_2017.2.174/linux/ipp/lib/intel64/:/opt/ohpc/pub/compiler/intel/compilers_and_libraries_2017.2.174/linux/compiler/lib/intel64/:/opt/ohpc/pub/compiler/intel/compilers_and_libraries_2017.2.174/linux/mkl/lib/intel64/:/opt/ohpc/pub/compiler/intel/compilers_and_libraries_2017.2.174/linux/tbb/lib/intel64/gcc4.4/:/opt/ohpc/pub/compiler/intel/compilers_and_libraries_2017.2.174/linux/daal/lib/intel64_lin/:/opt/ohpc/pub/compiler/intel/compilers_and_libraries_2017.2.174/linux/tbb/lib/intel64_lin/gcc4.4/:/opt/ohpc/pub/compiler/intel/compilers_and_libraries_2017.2.174/linux/compiler/lib/intel64_lin/:/usr/lib/gcc/x86_64-redhat-linux/4.8.5/../../../:/lib/:/usr/lib/]
  ignore line: [COLLECT_GCC_OPTIONS='-v' '-o' 'CMakeFiles/cmTC_a9c24.dir/CMakeCCompilerABI.c.o' '-c' '-mtune=generic' '-march=x86-64']
  ignore line: [Linking C executable cmTC_a9c24]
  ignore line: [/usr/bin/cmake3 -E cmake_link_script CMakeFiles/cmTC_a9c24.dir/link.txt --verbose=1]
  ignore line: [/usr/bin/cc     -v -rdynamic CMakeFiles/cmTC_a9c24.dir/CMakeCCompilerABI.c.o  -o cmTC_a9c24 ]
  ignore line: [Using built-in specs.]
  ignore line: [COLLECT_GCC=/usr/bin/cc]
  ignore line: [COLLECT_LTO_WRAPPER=/usr/libexec/gcc/x86_64-redhat-linux/4.8.5/lto-wrapper]
  ignore line: [Target: x86_64-redhat-linux]
  ignore line: [Configured with: ../configure --prefix=/usr --mandir=/usr/share/man --infodir=/usr/share/info --with-bugurl=http://bugzilla.redhat.com/bugzilla --enable-bootstrap --enable-shared --enable-threads=posix --enable-checking=release --with-system-zlib --enable-__cxa_atexit --disable-libunwind-exceptions --enable-gnu-unique-object --enable-linker-build-id --with-linker-hash-style=gnu --enable-languages=c c++ objc obj-c++ java fortran ada go lto --enable-plugin --enable-initfini-array --disable-libgcj --with-isl=/builddir/build/BUILD/gcc-4.8.5-20150702/obj-x86_64-redhat-linux/isl-install --with-cloog=/builddir/build/BUILD/gcc-4.8.5-20150702/obj-x86_64-redhat-linux/cloog-install --enable-gnu-indirect-function --with-tune=generic --with-arch_32=x86-64 --build=x86_64-redhat-linux]
  ignore line: [Thread model: posix]
  ignore line: [gcc version 4.8.5 20150623 (Red Hat 4.8.5-16) (GCC) ]
  ignore line: [COMPILER_PATH=/usr/libexec/gcc/x86_64-redhat-linux/4.8.5/:/usr/libexec/gcc/x86_64-redhat-linux/4.8.5/:/usr/libexec/gcc/x86_64-redhat-linux/:/usr/lib/gcc/x86_64-redhat-linux/4.8.5/:/usr/lib/gcc/x86_64-redhat-linux/]
  ignore line: [LIBRARY_PATH=/usr/lib/gcc/x86_64-redhat-linux/4.8.5/:/usr/lib/gcc/x86_64-redhat-linux/4.8.5/../../../../lib64/:/lib/../lib64/:/usr/lib/../lib64/:/opt/ohpc/pub/compiler/intel/compilers_and_libraries_2017.2.174/linux/compiler/lib/intel64/:/opt/ohpc/pub/compiler/intel/compilers_and_libraries_2017.2.174/linux/ipp/lib/intel64/:/opt/ohpc/pub/compiler/intel/compilers_and_libraries_2017.2.174/linux/compiler/lib/intel64/:/opt/ohpc/pub/compiler/intel/compilers_and_libraries_2017.2.174/linux/mkl/lib/intel64/:/opt/ohpc/pub/compiler/intel/compilers_and_libraries_2017.2.174/linux/tbb/lib/intel64/gcc4.4/:/opt/ohpc/pub/compiler/intel/compilers_and_libraries_2017.2.174/linux/daal/lib/intel64_lin/:/opt/ohpc/pub/compiler/intel/compilers_and_libraries_2017.2.174/linux/tbb/lib/intel64_lin/gcc4.4/:/opt/ohpc/pub/compiler/intel/compilers_and_libraries_2017.2.174/linux/compiler/lib/intel64_lin/:/usr/lib/gcc/x86_64-redhat-linux/4.8.5/../../../:/lib/:/usr/lib/]
  ignore line: [COLLECT_GCC_OPTIONS='-v' '-rdynamic' '-o' 'cmTC_a9c24' '-mtune=generic' '-march=x86-64']
  link line: [ /usr/libexec/gcc/x86_64-redhat-linux/4.8.5/collect2 --build-id --no-add-needed --eh-frame-hdr --hash-style=gnu -m elf_x86_64 -export-dynamic -dynamic-linker /lib64/ld-linux-x86-64.so.2 -o cmTC_a9c24 /usr/lib/gcc/x86_64-redhat-linux/4.8.5/../../../../lib64/crt1.o /usr/lib/gcc/x86_64-redhat-linux/4.8.5/../../../../lib64/crti.o /usr/lib/gcc/x86_64-redhat-linux/4.8.5/crtbegin.o -L/usr/lib/gcc/x86_64-redhat-linux/4.8.5 -L/usr/lib/gcc/x86_64-redhat-linux/4.8.5/../../../../lib64 -L/lib/../lib64 -L/usr/lib/../lib64 -L/opt/ohpc/pub/compiler/intel/compilers_and_libraries_2017.2.174/linux/compiler/lib/intel64 -L/opt/ohpc/pub/compiler/intel/compilers_and_libraries_2017.2.174/linux/ipp/lib/intel64 -L/opt/ohpc/pub/compiler/intel/compilers_and_libraries_2017.2.174/linux/compiler/lib/intel64 -L/opt/ohpc/pub/compiler/intel/compilers_and_libraries_2017.2.174/linux/mkl/lib/intel64 -L/opt/ohpc/pub/compiler/intel/compilers_and_libraries_2017.2.174/linux/tbb/lib/intel64/gcc4.4 -L/opt/ohpc/pub/compiler/intel/compilers_and_libraries_2017.2.174/linux/daal/lib/intel64_lin -L/opt/ohpc/pub/compiler/intel/compilers_and_libraries_2017.2.174/linux/tbb/lib/intel64_lin/gcc4.4 -L/opt/ohpc/pub/compiler/intel/compilers_and_libraries_2017.2.174/linux/compiler/lib/intel64_lin -L/usr/lib/gcc/x86_64-redhat-linux/4.8.5/../../.. CMakeFiles/cmTC_a9c24.dir/CMakeCCompilerABI.c.o -lgcc --as-needed -lgcc_s --no-as-needed -lc -lgcc --as-needed -lgcc_s --no-as-needed /usr/lib/gcc/x86_64-redhat-linux/4.8.5/crtend.o /usr/lib/gcc/x86_64-redhat-linux/4.8.5/../../../../lib64/crtn.o]
    arg [/usr/libexec/gcc/x86_64-redhat-linux/4.8.5/collect2] ==> ignore
    arg [--build-id] ==> ignore
    arg [--no-add-needed] ==> ignore
    arg [--eh-frame-hdr] ==> ignore
    arg [--hash-style=gnu] ==> ignore
    arg [-m] ==> ignore
    arg [elf_x86_64] ==> ignore
    arg [-export-dynamic] ==> ignore
    arg [-dynamic-linker] ==> ignore
    arg [/lib64/ld-linux-x86-64.so.2] ==> ignore
    arg [-o] ==> ignore
    arg [cmTC_a9c24] ==> ignore
    arg [/usr/lib/gcc/x86_64-redhat-linux/4.8.5/../../../../lib64/crt1.o] ==> ignore
    arg [/usr/lib/gcc/x86_64-redhat-linux/4.8.5/../../../../lib64/crti.o] ==> ignore
    arg [/usr/lib/gcc/x86_64-redhat-linux/4.8.5/crtbegin.o] ==> ignore
    arg [-L/usr/lib/gcc/x86_64-redhat-linux/4.8.5] ==> dir [/usr/lib/gcc/x86_64-redhat-linux/4.8.5]
    arg [-L/usr/lib/gcc/x86_64-redhat-linux/4.8.5/../../../../lib64] ==> dir [/usr/lib/gcc/x86_64-redhat-linux/4.8.5/../../../../lib64]
    arg [-L/lib/../lib64] ==> dir [/lib/../lib64]
    arg [-L/usr/lib/../lib64] ==> dir [/usr/lib/../lib64]
    arg [-L/opt/ohpc/pub/compiler/intel/compilers_and_libraries_2017.2.174/linux/compiler/lib/intel64] ==> dir [/opt/ohpc/pub/compiler/intel/compilers_and_libraries_2017.2.174/linux/compiler/lib/intel64]
    arg [-L/opt/ohpc/pub/compiler/intel/compilers_and_libraries_2017.2.174/linux/ipp/lib/intel64] ==> dir [/opt/ohpc/pub/compiler/intel/compilers_and_libraries_2017.2.174/linux/ipp/lib/intel64]
    arg [-L/opt/ohpc/pub/compiler/intel/compilers_and_libraries_2017.2.174/linux/compiler/lib/intel64] ==> dir [/opt/ohpc/pub/compiler/intel/compilers_and_libraries_2017.2.174/linux/compiler/lib/intel64]
    arg [-L/opt/ohpc/pub/compiler/intel/compilers_and_libraries_2017.2.174/linux/mkl/lib/intel64] ==> dir [/opt/ohpc/pub/compiler/intel/compilers_and_libraries_2017.2.174/linux/mkl/lib/intel64]
    arg [-L/opt/ohpc/pub/compiler/intel/compilers_and_libraries_2017.2.174/linux/tbb/lib/intel64/gcc4.4] ==> dir [/opt/ohpc/pub/compiler/intel/compilers_and_libraries_2017.2.174/linux/tbb/lib/intel64/gcc4.4]
    arg [-L/opt/ohpc/pub/compiler/intel/compilers_and_libraries_2017.2.174/linux/daal/lib/intel64_lin] ==> dir [/opt/ohpc/pub/compiler/intel/compilers_and_libraries_2017.2.174/linux/daal/lib/intel64_lin]
    arg [-L/opt/ohpc/pub/compiler/intel/compilers_and_libraries_2017.2.174/linux/tbb/lib/intel64_lin/gcc4.4] ==> dir [/opt/ohpc/pub/compiler/intel/compilers_and_libraries_2017.2.174/linux/tbb/lib/intel64_lin/gcc4.4]
    arg [-L/opt/ohpc/pub/compiler/intel/compilers_and_libraries_2017.2.174/linux/compiler/lib/intel64_lin] ==> dir [/opt/ohpc/pub/compiler/intel/compilers_and_libraries_2017.2.174/linux/compiler/lib/intel64_lin]
    arg [-L/usr/lib/gcc/x86_64-redhat-linux/4.8.5/../../..] ==> dir [/usr/lib/gcc/x86_64-redhat-linux/4.8.5/../../..]
    arg [CMakeFiles/cmTC_a9c24.dir/CMakeCCompilerABI.c.o] ==> ignore
    arg [-lgcc] ==> lib [gcc]
    arg [--as-needed] ==> ignore
    arg [-lgcc_s] ==> lib [gcc_s]
    arg [--no-as-needed] ==> ignore
    arg [-lc] ==> lib [c]
    arg [-lgcc] ==> lib [gcc]
    arg [--as-needed] ==> ignore
    arg [-lgcc_s] ==> lib [gcc_s]
    arg [--no-as-needed] ==> ignore
    arg [/usr/lib/gcc/x86_64-redhat-linux/4.8.5/crtend.o] ==> ignore
    arg [/usr/lib/gcc/x86_64-redhat-linux/4.8.5/../../../../lib64/crtn.o] ==> ignore
  collapse library dir [/usr/lib/gcc/x86_64-redhat-linux/4.8.5] ==> [/usr/lib/gcc/x86_64-redhat-linux/4.8.5]
  collapse library dir [/usr/lib/gcc/x86_64-redhat-linux/4.8.5/../../../../lib64] ==> [/usr/lib64]
  collapse library dir [/lib/../lib64] ==> [/lib64]
  collapse library dir [/usr/lib/../lib64] ==> [/usr/lib64]
  collapse library dir [/opt/ohpc/pub/compiler/intel/compilers_and_libraries_2017.2.174/linux/compiler/lib/intel64] ==> [/opt/ohpc/pub/compiler/intel/compilers_and_libraries_2017.2.174/linux/compiler/lib/intel64]
  collapse library dir [/opt/ohpc/pub/compiler/intel/compilers_and_libraries_2017.2.174/linux/ipp/lib/intel64] ==> [/opt/ohpc/pub/compiler/intel/compilers_and_libraries_2017.2.174/linux/ipp/lib/intel64]
  collapse library dir [/opt/ohpc/pub/compiler/intel/compilers_and_libraries_2017.2.174/linux/compiler/lib/intel64] ==> [/opt/ohpc/pub/compiler/intel/compilers_and_libraries_2017.2.174/linux/compiler/lib/intel64]
  collapse library dir [/opt/ohpc/pub/compiler/intel/compilers_and_libraries_2017.2.174/linux/mkl/lib/intel64] ==> [/opt/ohpc/pub/compiler/intel/compilers_and_libraries_2017.2.174/linux/mkl/lib/intel64]
  collapse library dir [/opt/ohpc/pub/compiler/intel/compilers_and_libraries_2017.2.174/linux/tbb/lib/intel64/gcc4.4] ==> [/opt/ohpc/pub/compiler/intel/compilers_and_libraries_2017.2.174/linux/tbb/lib/intel64/gcc4.4]
  collapse library dir [/opt/ohpc/pub/compiler/intel/compilers_and_libraries_2017.2.174/linux/daal/lib/intel64_lin] ==> [/opt/ohpc/pub/compiler/intel/compilers_and_libraries_2017.2.174/linux/daal/lib/intel64_lin]
  collapse library dir [/opt/ohpc/pub/compiler/intel/compilers_and_libraries_2017.2.174/linux/tbb/lib/intel64_lin/gcc4.4] ==> [/opt/ohpc/pub/compiler/intel/compilers_and_libraries_2017.2.174/linux/tbb/lib/intel64_lin/gcc4.4]
  collapse library dir [/opt/ohpc/pub/compiler/intel/compilers_and_libraries_2017.2.174/linux/compiler/lib/intel64_lin] ==> [/opt/ohpc/pub/compiler/intel/compilers_and_libraries_2017.2.174/linux/compiler/lib/intel64_lin]
  collapse library dir [/usr/lib/gcc/x86_64-redhat-linux/4.8.5/../../..] ==> [/usr/lib]
  implicit libs: [gcc;gcc_s;c;gcc;gcc_s]
  implicit dirs: [/usr/lib/gcc/x86_64-redhat-linux/4.8.5;/usr/lib64;/lib64;/opt/ohpc/pub/compiler/intel/compilers_and_libraries_2017.2.174/linux/compiler/lib/intel64;/opt/ohpc/pub/compiler/intel/compilers_and_libraries_2017.2.174/linux/ipp/lib/intel64;/opt/ohpc/pub/compiler/intel/compilers_and_libraries_2017.2.174/linux/mkl/lib/intel64;/opt/ohpc/pub/compiler/intel/compilers_and_libraries_2017.2.174/linux/tbb/lib/intel64/gcc4.4;/opt/ohpc/pub/compiler/intel/compilers_and_libraries_2017.2.174/linux/daal/lib/intel64_lin;/opt/ohpc/pub/compiler/intel/compilers_and_libraries_2017.2.174/linux/tbb/lib/intel64_lin/gcc4.4;/opt/ohpc/pub/compiler/intel/compilers_and_libraries_2017.2.174/linux/compiler/lib/intel64_lin;/usr/lib]
  implicit fwks: []


Determining if the CXX compiler works passed with the following output:
Change Dir: /home/dleibovi/Documents/C++/Shock solver (copy)/debug/CMakeFiles/CMakeTmp

Run Build Command(s):/usr/bin/gmake cmTC_14306/fast && /usr/bin/gmake  -f CMakeFiles/cmTC_14306.dir/build.make CMakeFiles/cmTC_14306.dir/build
gmake[1]: Entering directory `/home/dleibovi/Documents/C++/Shock solver (copy)/debug/CMakeFiles/CMakeTmp'
Building CXX object CMakeFiles/cmTC_14306.dir/testCXXCompiler.cxx.o
/opt/ohpc/pub/compiler/intel/compiler/2021.1.1/linux/bin/intel64/icpc     -o CMakeFiles/cmTC_14306.dir/testCXXCompiler.cxx.o -c "/home/dleibovi/Documents/C++/Shock solver (copy)/debug/CMakeFiles/CMakeTmp/testCXXCompiler.cxx"
Linking CXX executable cmTC_14306
/usr/bin/cmake3 -E cmake_link_script CMakeFiles/cmTC_14306.dir/link.txt --verbose=1
/opt/ohpc/pub/compiler/intel/compiler/2021.1.1/linux/bin/intel64/icpc       -rdynamic CMakeFiles/cmTC_14306.dir/testCXXCompiler.cxx.o  -o cmTC_14306 
gmake[1]: Leaving directory `/home/dleibovi/Documents/C++/Shock solver (copy)/debug/CMakeFiles/CMakeTmp'



Detecting CXX compiler ABI info compiled with the following output:
Change Dir: /home/dleibovi/Documents/C++/Shock solver (copy)/debug/CMakeFiles/CMakeTmp

Run Build Command(s):/usr/bin/gmake cmTC_5cd41/fast && /usr/bin/gmake  -f CMakeFiles/cmTC_5cd41.dir/build.make CMakeFiles/cmTC_5cd41.dir/build
gmake[1]: Entering directory `/home/dleibovi/Documents/C++/Shock solver (copy)/debug/CMakeFiles/CMakeTmp'
Building CXX object CMakeFiles/cmTC_5cd41.dir/CMakeCXXCompilerABI.cpp.o
/opt/ohpc/pub/compiler/intel/compiler/2021.1.1/linux/bin/intel64/icpc    -v -o CMakeFiles/cmTC_5cd41.dir/CMakeCXXCompilerABI.cpp.o -c /usr/share/cmake3/Modules/CMakeCXXCompilerABI.cpp
icpc version 2021.1 (gcc version 4.8.5 compatibility)
/opt/ohpc/pub/compiler/intel/compiler/2021.1.1/linux/bin/intel64/../../bin/intel64/mcpcom    --target_efi2 --lang=c++ -_g -mP3OPT_inline_alloca -D__ICC=2021 -D__INTEL_COMPILER=2021 -D__INTEL_COMPILER_UPDATE=1 -D__PTRDIFF_TYPE__=long "-D__SIZE_TYPE__=unsigned long" -D__WCHAR_TYPE__=int "-D__WINT_TYPE__=unsigned int" "-D__INTMAX_TYPE__=long int" "-D__UINTMAX_TYPE__=long unsigned int" -D__LONG_MAX__=9223372036854775807L -D__QMSPP_ -D__OPTIMIZE__ -D__NO_MATH_INLINES -D__NO_STRING_INLINES -D__GNUC_GNU_INLINE__ -D__GNUG__=4 -D__GNUC__=4 -D__GNUC_MINOR__=8 -D__GNUC_PATCHLEVEL__=5 -D__LP64__ -D_LP64 -D_GNU_SOURCE=1 -D__DEPRECATED=1 -D__GXX_WEAK__=1 -D__GXX_ABI_VERSION=1002 "-D__USER_LABEL_PREFIX__= " -D__REGISTER_PREFIX__= -D__INTEL_RTTI__ -D__EXCEPTIONS=1 -D__unix__ -D__unix -D__linux__ -D__linux -D__gnu_linux__ -B -Dunix -Dlinux "-_Asystem(unix)" -D__ELF__ -D__x86_64 -D__x86_64__ -D__amd64 -D__amd64__ "-_Acpu(x86_64)" "-_Amachine(x86_64)" -D__INTEL_COMPILER_BUILD_DATE=20201112 -D__INTEL_OFFLOAD -D__MMX__ -D__SSE__ -D__SSE_MATH__ -D__SSE2__ -D__SSE2_MATH__ -D__pentium4 -D__pentium4__ -D__tune_pentium4__ -_k -_8 -_l --has_new_stdarg_support -_a -_b --gnu_version=40805 -_W5 -p --bool -tused -x --openmp_simd --noopenmp_offload --multibyte_chars -mGLOB_diag_suppress_sys --system_preinclude /usr/include/stdc-predef.h -I/opt/ohpc/pub/compiler/intel/compiler/2021.1.1/linux/bin/intel64/../../../../../pstl/include -I/opt/ohpc/pub/compiler/intel/compilers_and_libraries_2017.2.174/linux/tbb/include --array_section --simd --simd_func --offload_mode=1 --offload_target_names=mic,MIC --offload_unique_string=icpc1549824591AZegDK --bool -mGLOB_em64t=TRUE -mP1OPT_version=2021.1-intel64 -mGLOB_diag_file=CMakeFiles/cmTC_5cd41.dir/CMakeCXXCompilerABI.cpp.diag -mGLOB_long_size_64 -mGLOB_routine_pointer_size_64 -mP1OPT_print_version=FALSE -mCG_use_gas_got_workaround=F -mP2OPT_align_option_used=TRUE -mGLOB_gcc_version=485 "-mGLOB_options_string=-v -o CMakeFiles/cmTC_5cd41.dir/CMakeCXXCompilerABI.cpp.o -c" -mGLOB_cxx_limited_range=FALSE -mCG_extend_parms=FALSE -mGLOB_compiler_bin_directory=/opt/ohpc/pub/compiler/intel/compiler/2021.1.1/linux/bin/intel64/../../bin/intel64 -mGLOB_as_output_backup_file_name=/tmp/icpcbzx3teas_.s -mIPOPT_activate -mIPOPT_lite -mGLOB_uarch_tuning=0x0 -mGLOB_product_id_code=0x22006d90 -mCG_bnl_movbe=T -mP3OPT_use_mspp_call_convention -mP2OPT_subs_out_of_bound=FALSE -mP2OPT_disam_type_based_disam=2 -mP2OPT_disam_assume_ansi_c -mP2OPT_checked_disam_ansi_alias=TRUE -mGLOB_ansi_alias -mPGOPTI_value_profile_use=T -mP2OPT_il0_array_sections=TRUE -mGLOB_offload_mode=1 -mGLOB_offload_no_openmp=TRUE -mP2OPT_offload_unique_var_string=icpc1549824591AZegDK -mP2OPT_hlo_level=2 -mP2OPT_hlo -mP2OPT_hpo_rtt_control=0 -mIPOPT_args_in_regs=0 -mP2OPT_disam_assume_nonstd_intent_in=FALSE -mGLOB_imf_mapping_library=/opt/ohpc/pub/compiler/intel/compiler/2021.1.1/linux/bin/intel64/../../bin/intel64/libiml_attr.so -mPGOPTI_gen_threadsafe_level=0 -mIPOPT_lto_object_enabled -mIPOPT_lto_object_value=1 -mIPOPT_obj_output_file_name=CMakeFiles/cmTC_5cd41.dir/CMakeCXXCompilerABI.cpp.o -mIPOPT_whole_archive_fixup_file_name=/tmp/icpcwarchnFuy4S -mGLOB_linker_version=2.23.52.0.1 -mGLOB_linker=ld -mGLOB_driver_tempfile_name=/tmp/icpctempfileO5VZmI -mP3OPT_asm_target=P3OPT_ASM_TARGET_GAS -mGLOB_async_unwind_tables=TRUE -mGLOB_obj_output_file=CMakeFiles/cmTC_5cd41.dir/CMakeCXXCompilerABI.cpp.o -mGLOB_source_dialect=GLOB_SOURCE_DIALECT_C_PLUS_PLUS -mP1OPT_source_file_name=/usr/share/cmake3/Modules/CMakeCXXCompilerABI.cpp -mP1OPT_full_source_file_name=/usr/share/cmake3/Modules/CMakeCXXCompilerABI.cpp -mGLOB_eh_linux /usr/share/cmake3/Modules/CMakeCXXCompilerABI.cpp
#include "..." search starts here:
#include <...> search starts here:
 /opt/ohpc/pub/compiler/intel/compiler/2021.1.1/linux/bin/intel64/../../../../../pstl/include
 /opt/ohpc/pub/compiler/intel/compilers_and_libraries_2017.2.174/linux/tbb/include
 /opt/ohpc/pub/compiler/intel/compiler/2021.1.1/linux/bin/intel64/../../compiler/include/intel64
 /opt/ohpc/pub/compiler/intel/compiler/2021.1.1/linux/bin/intel64/../../compiler/include/icc
 /opt/ohpc/pub/compiler/intel/compiler/2021.1.1/linux/bin/intel64/../../compiler/include
 /usr/include/c++/4.8.5
 /usr/include/c++/4.8.5/x86_64-redhat-linux
 /usr/include/c++/4.8.5/backward
 /usr/local/include
 /usr/lib/gcc/x86_64-redhat-linux/4.8.5/include
 /usr/include/
 /usr/include
End of search list.
Linking CXX executable cmTC_5cd41
/usr/bin/cmake3 -E cmake_link_script CMakeFiles/cmTC_5cd41.dir/link.txt --verbose=1
/opt/ohpc/pub/compiler/intel/compiler/2021.1.1/linux/bin/intel64/icpc      -v -rdynamic CMakeFiles/cmTC_5cd41.dir/CMakeCXXCompilerABI.cpp.o  -o cmTC_5cd41 
icpc version 2021.1 (gcc version 4.8.5 compatibility)
/opt/ohpc/pub/compiler/intel/compiler/2021.1.1/linux/bin/intel64/../../bin/intel64/mcpcom    -mGLOB_em64t=TRUE -mP1OPT_version=2021.1-intel64 -mGLOB_diag_file=CMakeFiles/cmTC_5cd41.dir/CMakeCXXCompilerABI.cpp.diag -mGLOB_long_size_64 -mGLOB_routine_pointer_size_64 -mP1OPT_print_version=FALSE -mCG_use_gas_got_workaround=F -mP2OPT_align_option_used=TRUE -mGLOB_gcc_version=485 "-mGLOB_options_string=-v -rdynamic -o cmTC_5cd41" -mGLOB_cxx_limited_range=FALSE -mCG_extend_parms=FALSE -mGLOB_compiler_bin_directory=/opt/ohpc/pub/compiler/intel/compiler/2021.1.1/linux/bin/intel64/../../bin/intel64 -mGLOB_as_output_backup_file_name=/tmp/icpcfHAuOhas_.s -mGLOB_dashboard_use_source_name -mIPOPT_activate -mGLOB_product_id_code=0x22006d90 -mP3OPT_use_mspp_call_convention -mP2OPT_subs_out_of_bound=FALSE -mP2OPT_disam_type_based_disam=2 -mP2OPT_disam_assume_ansi_c -mP2OPT_checked_disam_ansi_alias=TRUE -mGLOB_ansi_alias -mPGOPTI_value_profile_use=T -mGLOB_opt_report_use_source_name -mP2OPT_il0_array_sections=TRUE -mGLOB_offload_mode=1 -mGLOB_offload_no_openmp=TRUE -mP2OPT_offload_unique_var_string=icpc1361021521TWkNrP -mP2OPT_hlo -mP2OPT_hpo_rtt_control=0 -mIPOPT_args_in_regs=0 -mP2OPT_disam_assume_nonstd_intent_in=FALSE -mGLOB_imf_mapping_library=/opt/ohpc/pub/compiler/intel/compiler/2021.1.1/linux/bin/intel64/../../bin/intel64/libiml_attr.so -mPGOPTI_gen_threadsafe_level=0 -mIPOPT_link -mIPOPT_ipo_activate -mIPOPT_mo_activate -mIPOPT_source_files_list=/tmp/icpcslis1ps8OC -mIPOPT_mo_global_data -mIPOPT_link_script_file=/tmp/icpcscriptVhfOjs "-mIPOPT_cmdline_link="/usr/lib/gcc/x86_64-redhat-linux/4.8.5/../../../../lib64/crt1.o" "/usr/lib/gcc/x86_64-redhat-linux/4.8.5/../../../../lib64/crti.o" "/usr/lib/gcc/x86_64-redhat-linux/4.8.5/crtbegin.o" "-export-dynamic" "--eh-frame-hdr" "--build-id" "-dynamic-linker" "/lib64/ld-linux-x86-64.so.2" "-m" "elf_x86_64" "-o" "cmTC_5cd41" "-L/opt/ohpc/pub/compiler/intel/compilers_and_libraries_2017.2.174/linux/compiler/lib/intel64" "-L/opt/ohpc/pub/compiler/intel/compilers_and_libraries_2017.2.174/linux/ipp/lib/intel64" "-L/opt/ohpc/pub/compiler/intel/compilers_and_libraries_2017.2.174/linux/compiler/lib/intel64" "-L/opt/ohpc/pub/compiler/intel/compilers_and_libraries_2017.2.174/linux/mkl/lib/intel64" "-L/opt/ohpc/pub/compiler/intel/compilers_and_libraries_2017.2.174/linux/tbb/lib/intel64/gcc4.4" "-L/opt/ohpc/pub/compiler/intel/compilers_and_libraries_2017.2.174/linux/daal/lib/intel64_lin" "-L/opt/ohpc/pub/compiler/intel/compilers_and_libraries_2017.2.174/linux/tbb/lib/intel64_lin/gcc4.4" "-L/opt/ohpc/pub/compiler/intel/compilers_and_libraries_2017.2.174/linux/compiler/lib/intel64_lin" "-L/opt/ohpc/pub/compiler/intel/compiler/2021.1.1/linux/bin/intel64/../../compiler/lib/intel64_lin" "-L/usr/lib/gcc/x86_64-redhat-linux/4.8.5/" "-L/usr/lib/gcc/x86_64-redhat-linux/4.8.5/../../../../lib64" "-L/usr/lib/gcc/x86_64-redhat-linux/4.8.5/../../../../lib64/" "-L/lib/../lib64" "-L/lib/../lib64/" "-L/usr/lib/../lib64" "-L/usr/lib/../lib64/" "-L/opt/ohpc/pub/compiler/intel/compilers_and_libraries_2017.2.174/linux/compiler/lib/intel64/" "-L/opt/ohpc/pub/compiler/intel/compilers_and_libraries_2017.2.174/linux/ipp/lib/intel64/" "-L/opt/ohpc/pub/compiler/intel/compilers_and_libraries_2017.2.174/linux/mkl/lib/intel64/" "-L/opt/ohpc/pub/compiler/intel/compilers_and_libraries_2017.2.174/linux/tbb/lib/intel64/gcc4.4/" "-L/opt/ohpc/pub/compiler/intel/compilers_and_libraries_2017.2.174/linux/daal/lib/intel64_lin/" "-L/opt/ohpc/pub/compiler/intel/compilers_and_libraries_2017.2.174/linux/tbb/lib/intel64_lin/gcc4.4/" "-L/opt/ohpc/pub/compiler/intel/compilers_and_libraries_2017.2.174/linux/compiler/lib/intel64_lin/" "-L/usr/lib/gcc/x86_64-redhat-linux/4.8.5/../../../" "-L/lib64" "-L/lib/" "-L/usr/lib64" "-L/usr/lib" "CMakeFiles/cmTC_5cd41.dir/CMakeCXXCompilerABI.cpp.o" "-Bdynamic" "-Bstatic" "-limf" "-lsvml" "-lirng" "-Bdynamic" "-lstdc++" "-lm" "-Bstatic" "-lipgo" "-ldecimal" "--as-needed" "-Bdynamic" "-lcilkrts" "--no-as-needed" "-lstdc++" "-lgcc" "-lgcc_s" "-Bstatic" "-lirc" "-lsvml" "-Bdynamic" "-lc" "-lgcc" "-lgcc_s" "-Bstatic" "-lirc_s" "-Bdynamic" "-ldl" "-lc" "/usr/lib/gcc/x86_64-redhat-linux/4.8.5/crtend.o" "/usr/lib/gcc/x86_64-redhat-linux/4.8.5/../../../../lib64/crtn.o"" -mIPOPT_il_in_obj -mIPOPT_ipo_activate_warn=FALSE -mIPOPT_obj_output_file_name=/tmp/ipo_icpcfEpdRD.o -mIPOPT_whole_archive_fixup_file_name=/tmp/icpcwarchdqHnOW -mGLOB_linker_version=2.23.52.0.1 -mGLOB_linker=ld -mGLOB_driver_tempfile_name=/tmp/icpctempfilehc5AjM -mP3OPT_asm_target=P3OPT_ASM_TARGET_GAS -mGLOB_async_unwind_tables=TRUE -mGLOB_obj_output_file=/tmp/ipo_icpcfEpdRD.o -mGLOB_source_dialect=GLOB_SOURCE_DIALECT_NONE -mP1OPT_source_file_name=ipo_out.c CMakeFiles/cmTC_5cd41.dir/CMakeCXXCompilerABI.cpp.o -mIPOPT_object_files=T -mIPOPT_assembly_files=/tmp/icpcalisbrqvQi -mIPOPT_generated_tempfiles=/tmp/icpcelisviq9k8 -mIPOPT_embedded_object_base_name=/tmp/icpceobjn6iOPX -mIPOPT_cmdline_link_new_name=/tmp/icpcllis3aXskN
ld    /usr/lib/gcc/x86_64-redhat-linux/4.8.5/../../../../lib64/crt1.o /usr/lib/gcc/x86_64-redhat-linux/4.8.5/../../../../lib64/crti.o /usr/lib/gcc/x86_64-redhat-linux/4.8.5/crtbegin.o -export-dynamic --eh-frame-hdr --build-id -dynamic-linker /lib64/ld-linux-x86-64.so.2 -m elf_x86_64 -o cmTC_5cd41 -L/opt/ohpc/pub/compiler/intel/compilers_and_libraries_2017.2.174/linux/compiler/lib/intel64 -L/opt/ohpc/pub/compiler/intel/compilers_and_libraries_2017.2.174/linux/ipp/lib/intel64 -L/opt/ohpc/pub/compiler/intel/compilers_and_libraries_2017.2.174/linux/compiler/lib/intel64 -L/opt/ohpc/pub/compiler/intel/compilers_and_libraries_2017.2.174/linux/mkl/lib/intel64 -L/opt/ohpc/pub/compiler/intel/compilers_and_libraries_2017.2.174/linux/tbb/lib/intel64/gcc4.4 -L/opt/ohpc/pub/compiler/intel/compilers_and_libraries_2017.2.174/linux/daal/lib/intel64_lin -L/opt/ohpc/pub/compiler/intel/compilers_and_libraries_2017.2.174/linux/tbb/lib/intel64_lin/gcc4.4 -L/opt/ohpc/pub/compiler/intel/compilers_and_libraries_2017.2.174/linux/compiler/lib/intel64_lin -L/opt/ohpc/pub/compiler/intel/compiler/2021.1.1/linux/bin/intel64/../../compiler/lib/intel64_lin -L/usr/lib/gcc/x86_64-redhat-linux/4.8.5/ -L/usr/lib/gcc/x86_64-redhat-linux/4.8.5/../../../../lib64 -L/usr/lib/gcc/x86_64-redhat-linux/4.8.5/../../../../lib64/ -L/lib/../lib64 -L/lib/../lib64/ -L/usr/lib/../lib64 -L/usr/lib/../lib64/ -L/opt/ohpc/pub/compiler/intel/compilers_and_libraries_2017.2.174/linux/compiler/lib/intel64/ -L/opt/ohpc/pub/compiler/intel/compilers_and_libraries_2017.2.174/linux/ipp/lib/intel64/ -L/opt/ohpc/pub/compiler/intel/compilers_and_libraries_2017.2.174/linux/mkl/lib/intel64/ -L/opt/ohpc/pub/compiler/intel/compilers_and_libraries_2017.2.174/linux/tbb/lib/intel64/gcc4.4/ -L/opt/ohpc/pub/compiler/intel/compilers_and_libraries_2017.2.174/linux/daal/lib/intel64_lin/ -L/opt/ohpc/pub/compiler/intel/compilers_and_libraries_2017.2.174/linux/tbb/lib/intel64_lin/gcc4.4/ -L/opt/ohpc/pub/compiler/intel/compilers_and_libraries_2017.2.174/linux/compiler/lib/intel64_lin/ -L/usr/lib/gcc/x86_64-redhat-linux/4.8.5/../../../ -L/lib64 -L/lib/ -L/usr/lib64 -L/usr/lib CMakeFiles/cmTC_5cd41.dir/CMakeCXXCompilerABI.cpp.o -Bdynamic -Bstatic -limf -lsvml -lirng -Bdynamic -lstdc++ -lm -Bstatic -lipgo -ldecimal --as-needed -Bdynamic -lcilkrts --no-as-needed -lstdc++ -lgcc -lgcc_s -Bstatic -lirc -lsvml -Bdynamic -lc -lgcc -lgcc_s -Bstatic -lirc_s -Bdynamic -ldl -lc /usr/lib/gcc/x86_64-redhat-linux/4.8.5/crtend.o /usr/lib/gcc/x86_64-redhat-linux/4.8.5/../../../../lib64/crtn.o
gmake[1]: Leaving directory `/home/dleibovi/Documents/C++/Shock solver (copy)/debug/CMakeFiles/CMakeTmp'



Parsed CXX implicit include dir info from above output: rv=done
  found start of include info
  found start of implicit include info
    add: [/opt/ohpc/pub/compiler/intel/compiler/2021.1.1/linux/bin/intel64/../../../../../pstl/include]
    add: [/opt/ohpc/pub/compiler/intel/compilers_and_libraries_2017.2.174/linux/tbb/include]
    add: [/opt/ohpc/pub/compiler/intel/compiler/2021.1.1/linux/bin/intel64/../../compiler/include/intel64]
    add: [/opt/ohpc/pub/compiler/intel/compiler/2021.1.1/linux/bin/intel64/../../compiler/include/icc]
    add: [/opt/ohpc/pub/compiler/intel/compiler/2021.1.1/linux/bin/intel64/../../compiler/include]
    add: [/usr/include/c++/4.8.5]
    add: [/usr/include/c++/4.8.5/x86_64-redhat-linux]
    add: [/usr/include/c++/4.8.5/backward]
    add: [/usr/local/include]
    add: [/usr/lib/gcc/x86_64-redhat-linux/4.8.5/include]
    add: [/usr/include/]
    add: [/usr/include]
  end of search list found
  collapse include dir [/opt/ohpc/pub/compiler/intel/compiler/2021.1.1/linux/bin/intel64/../../../../../pstl/include] ==> [/opt/ohpc/pub/compiler/intel/pstl/include]
  collapse include dir [/opt/ohpc/pub/compiler/intel/compilers_and_libraries_2017.2.174/linux/tbb/include] ==> [/opt/ohpc/pub/compiler/intel/compilers_and_libraries_2017.2.174/linux/tbb/include]
  collapse include dir [/opt/ohpc/pub/compiler/intel/compiler/2021.1.1/linux/bin/intel64/../../compiler/include/intel64] ==> [/opt/ohpc/pub/compiler/intel/compiler/2021.1.1/linux/compiler/include/intel64]
  collapse include dir [/opt/ohpc/pub/compiler/intel/compiler/2021.1.1/linux/bin/intel64/../../compiler/include/icc] ==> [/opt/ohpc/pub/compiler/intel/compiler/2021.1.1/linux/compiler/include/icc]
  collapse include dir [/opt/ohpc/pub/compiler/intel/compiler/2021.1.1/linux/bin/intel64/../../compiler/include] ==> [/opt/ohpc/pub/compiler/intel/compiler/2021.1.1/linux/compiler/include]
  collapse include dir [/usr/include/c++/4.8.5] ==> [/usr/include/c++/4.8.5]
  collapse include dir [/usr/include/c++/4.8.5/x86_64-redhat-linux] ==> [/usr/include/c++/4.8.5/x86_64-redhat-linux]
  collapse include dir [/usr/include/c++/4.8.5/backward] ==> [/usr/include/c++/4.8.5/backward]
  collapse include dir [/usr/local/include] ==> [/usr/local/include]
  collapse include dir [/usr/lib/gcc/x86_64-redhat-linux/4.8.5/include] ==> [/usr/lib/gcc/x86_64-redhat-linux/4.8.5/include]
  collapse include dir [/usr/include/] ==> [/usr/include]
  collapse include dir [/usr/include] ==> [/usr/include]
  implicit include dirs: [/opt/ohpc/pub/compiler/intel/pstl/include;/opt/ohpc/pub/compiler/intel/compilers_and_libraries_2017.2.174/linux/tbb/include;/opt/ohpc/pub/compiler/intel/compiler/2021.1.1/linux/compiler/include/intel64;/opt/ohpc/pub/compiler/intel/compiler/2021.1.1/linux/compiler/include/icc;/opt/ohpc/pub/compiler/intel/compiler/2021.1.1/linux/compiler/include;/usr/include/c++/4.8.5;/usr/include/c++/4.8.5/x86_64-redhat-linux;/usr/include/c++/4.8.5/backward;/usr/local/include;/usr/lib/gcc/x86_64-redhat-linux/4.8.5/include;/usr/include]


Parsed CXX implicit link information from above output:
  link line regex: [^( *|.*[/\])(ld|CMAKE_LINK_STARTFILE-NOTFOUND|([^/\]+-)?ld|collect2)[^/\]*( |$)]
  ignore line: [Change Dir: /home/dleibovi/Documents/C++/Shock solver (copy)/debug/CMakeFiles/CMakeTmp]
  ignore line: []
  ignore line: [Run Build Command(s):/usr/bin/gmake cmTC_5cd41/fast && /usr/bin/gmake  -f CMakeFiles/cmTC_5cd41.dir/build.make CMakeFiles/cmTC_5cd41.dir/build]
  ignore line: [gmake[1]: Entering directory `/home/dleibovi/Documents/C++/Shock solver (copy)/debug/CMakeFiles/CMakeTmp']
  ignore line: [Building CXX object CMakeFiles/cmTC_5cd41.dir/CMakeCXXCompilerABI.cpp.o]
  ignore line: [/opt/ohpc/pub/compiler/intel/compiler/2021.1.1/linux/bin/intel64/icpc    -v -o CMakeFiles/cmTC_5cd41.dir/CMakeCXXCompilerABI.cpp.o -c /usr/share/cmake3/Modules/CMakeCXXCompilerABI.cpp]
  ignore line: [icpc version 2021.1 (gcc version 4.8.5 compatibility)]
  ignore line: [/opt/ohpc/pub/compiler/intel/compiler/2021.1.1/linux/bin/intel64/../../bin/intel64/mcpcom    --target_efi2 --lang=c++ -_g -mP3OPT_inline_alloca -D__ICC=2021 -D__INTEL_COMPILER=2021 -D__INTEL_COMPILER_UPDATE=1 -D__PTRDIFF_TYPE__=long "-D__SIZE_TYPE__=unsigned long" -D__WCHAR_TYPE__=int "-D__WINT_TYPE__=unsigned int" "-D__INTMAX_TYPE__=long int" "-D__UINTMAX_TYPE__=long unsigned int" -D__LONG_MAX__=9223372036854775807L -D__QMSPP_ -D__OPTIMIZE__ -D__NO_MATH_INLINES -D__NO_STRING_INLINES -D__GNUC_GNU_INLINE__ -D__GNUG__=4 -D__GNUC__=4 -D__GNUC_MINOR__=8 -D__GNUC_PATCHLEVEL__=5 -D__LP64__ -D_LP64 -D_GNU_SOURCE=1 -D__DEPRECATED=1 -D__GXX_WEAK__=1 -D__GXX_ABI_VERSION=1002 "-D__USER_LABEL_PREFIX__= " -D__REGISTER_PREFIX__= -D__INTEL_RTTI__ -D__EXCEPTIONS=1 -D__unix__ -D__unix -D__linux__ -D__linux -D__gnu_linux__ -B -Dunix -Dlinux "-_Asystem(unix)" -D__ELF__ -D__x86_64 -D__x86_64__ -D__amd64 -D__amd64__ "-_Acpu(x86_64)" "-_Amachine(x86_64)" -D__INTEL_COMPILER_BUILD_DATE=20201112 -D__INTEL_OFFLOAD -D__MMX__ -D__SSE__ -D__SSE_MATH__ -D__SSE2__ -D__SSE2_MATH__ -D__pentium4 -D__pentium4__ -D__tune_pentium4__ -_k -_8 -_l --has_new_stdarg_support -_a -_b --gnu_version=40805 -_W5 -p --bool -tused -x --openmp_simd --noopenmp_offload --multibyte_chars -mGLOB_diag_suppress_sys --system_preinclude /usr/include/stdc-predef.h -I/opt/ohpc/pub/compiler/intel/compiler/2021.1.1/linux/bin/intel64/../../../../../pstl/include -I/opt/ohpc/pub/compiler/intel/compilers_and_libraries_2017.2.174/linux/tbb/include --array_section --simd --simd_func --offload_mode=1 --offload_target_names=mic MIC --offload_unique_string=icpc1549824591AZegDK --bool -mGLOB_em64t=TRUE -mP1OPT_version=2021.1-intel64 -mGLOB_diag_file=CMakeFiles/cmTC_5cd41.dir/CMakeCXXCompilerABI.cpp.diag -mGLOB_long_size_64 -mGLOB_routine_pointer_size_64 -mP1OPT_print_version=FALSE -mCG_use_gas_got_workaround=F -mP2OPT_align_option_used=TRUE -mGLOB_gcc_version=485 "-mGLOB_options_string=-v -o CMakeFiles/cmTC_5cd41.dir/CMakeCXXCompilerABI.cpp.o -c" -mGLOB_cxx_limited_range=FALSE -mCG_extend_parms=FALSE -mGLOB_compiler_bin_directory=/opt/ohpc/pub/compiler/intel/compiler/2021.1.1/linux/bin/intel64/../../bin/intel64 -mGLOB_as_output_backup_file_name=/tmp/icpcbzx3teas_.s -mIPOPT_activate -mIPOPT_lite -mGLOB_uarch_tuning=0x0 -mGLOB_product_id_code=0x22006d90 -mCG_bnl_movbe=T -mP3OPT_use_mspp_call_convention -mP2OPT_subs_out_of_bound=FALSE -mP2OPT_disam_type_based_disam=2 -mP2OPT_disam_assume_ansi_c -mP2OPT_checked_disam_ansi_alias=TRUE -mGLOB_ansi_alias -mPGOPTI_value_profile_use=T -mP2OPT_il0_array_sections=TRUE -mGLOB_offload_mode=1 -mGLOB_offload_no_openmp=TRUE -mP2OPT_offload_unique_var_string=icpc1549824591AZegDK -mP2OPT_hlo_level=2 -mP2OPT_hlo -mP2OPT_hpo_rtt_control=0 -mIPOPT_args_in_regs=0 -mP2OPT_disam_assume_nonstd_intent_in=FALSE -mGLOB_imf_mapping_library=/opt/ohpc/pub/compiler/intel/compiler/2021.1.1/linux/bin/intel64/../../bin/intel64/libiml_attr.so -mPGOPTI_gen_threadsafe_level=0 -mIPOPT_lto_object_enabled -mIPOPT_lto_object_value=1 -mIPOPT_obj_output_file_name=CMakeFiles/cmTC_5cd41.dir/CMakeCXXCompilerABI.cpp.o -mIPOPT_whole_archive_fixup_file_name=/tmp/icpcwarchnFuy4S -mGLOB_linker_version=2.23.52.0.1 -mGLOB_linker=ld -mGLOB_driver_tempfile_name=/tmp/icpctempfileO5VZmI -mP3OPT_asm_target=P3OPT_ASM_TARGET_GAS -mGLOB_async_unwind_tables=TRUE -mGLOB_obj_output_file=CMakeFiles/cmTC_5cd41.dir/CMakeCXXCompilerABI.cpp.o -mGLOB_source_dialect=GLOB_SOURCE_DIALECT_C_PLUS_PLUS -mP1OPT_source_file_name=/usr/share/cmake3/Modules/CMakeCXXCompilerABI.cpp -mP1OPT_full_source_file_name=/usr/share/cmake3/Modules/CMakeCXXCompilerABI.cpp -mGLOB_eh_linux /usr/share/cmake3/Modules/CMakeCXXCompilerABI.cpp]
  ignore line: [#include "..." search starts here:]
  ignore line: [#include <...> search starts here:]
  ignore line: [ /opt/ohpc/pub/compiler/intel/compiler/2021.1.1/linux/bin/intel64/../../../../../pstl/include]
  ignore line: [ /opt/ohpc/pub/compiler/intel/compilers_and_libraries_2017.2.174/linux/tbb/include]
  ignore line: [ /opt/ohpc/pub/compiler/intel/compiler/2021.1.1/linux/bin/intel64/../../compiler/include/intel64]
  ignore line: [ /opt/ohpc/pub/compiler/intel/compiler/2021.1.1/linux/bin/intel64/../../compiler/include/icc]
  ignore line: [ /opt/ohpc/pub/compiler/intel/compiler/2021.1.1/linux/bin/intel64/../../compiler/include]
  ignore line: [ /usr/include/c++/4.8.5]
  ignore line: [ /usr/include/c++/4.8.5/x86_64-redhat-linux]
  ignore line: [ /usr/include/c++/4.8.5/backward]
  ignore line: [ /usr/local/include]
  ignore line: [ /usr/lib/gcc/x86_64-redhat-linux/4.8.5/include]
  ignore line: [ /usr/include/]
  ignore line: [ /usr/include]
  ignore line: [End of search list.]
  ignore line: [Linking CXX executable cmTC_5cd41]
  ignore line: [/usr/bin/cmake3 -E cmake_link_script CMakeFiles/cmTC_5cd41.dir/link.txt --verbose=1]
  ignore line: [/opt/ohpc/pub/compiler/intel/compiler/2021.1.1/linux/bin/intel64/icpc      -v -rdynamic CMakeFiles/cmTC_5cd41.dir/CMakeCXXCompilerABI.cpp.o  -o cmTC_5cd41 ]
  ignore line: [icpc version 2021.1 (gcc version 4.8.5 compatibility)]
  ignore line: [/opt/ohpc/pub/compiler/intel/compiler/2021.1.1/linux/bin/intel64/../../bin/intel64/mcpcom    -mGLOB_em64t=TRUE -mP1OPT_version=2021.1-intel64 -mGLOB_diag_file=CMakeFiles/cmTC_5cd41.dir/CMakeCXXCompilerABI.cpp.diag -mGLOB_long_size_64 -mGLOB_routine_pointer_size_64 -mP1OPT_print_version=FALSE -mCG_use_gas_got_workaround=F -mP2OPT_align_option_used=TRUE -mGLOB_gcc_version=485 "-mGLOB_options_string=-v -rdynamic -o cmTC_5cd41" -mGLOB_cxx_limited_range=FALSE -mCG_extend_parms=FALSE -mGLOB_compiler_bin_directory=/opt/ohpc/pub/compiler/intel/compiler/2021.1.1/linux/bin/intel64/../../bin/intel64 -mGLOB_as_output_backup_file_name=/tmp/icpcfHAuOhas_.s -mGLOB_dashboard_use_source_name -mIPOPT_activate -mGLOB_product_id_code=0x22006d90 -mP3OPT_use_mspp_call_convention -mP2OPT_subs_out_of_bound=FALSE -mP2OPT_disam_type_based_disam=2 -mP2OPT_disam_assume_ansi_c -mP2OPT_checked_disam_ansi_alias=TRUE -mGLOB_ansi_alias -mPGOPTI_value_profile_use=T -mGLOB_opt_report_use_source_name -mP2OPT_il0_array_sections=TRUE -mGLOB_offload_mode=1 -mGLOB_offload_no_openmp=TRUE -mP2OPT_offload_unique_var_string=icpc1361021521TWkNrP -mP2OPT_hlo -mP2OPT_hpo_rtt_control=0 -mIPOPT_args_in_regs=0 -mP2OPT_disam_assume_nonstd_intent_in=FALSE -mGLOB_imf_mapping_library=/opt/ohpc/pub/compiler/intel/compiler/2021.1.1/linux/bin/intel64/../../bin/intel64/libiml_attr.so -mPGOPTI_gen_threadsafe_level=0 -mIPOPT_link -mIPOPT_ipo_activate -mIPOPT_mo_activate -mIPOPT_source_files_list=/tmp/icpcslis1ps8OC -mIPOPT_mo_global_data -mIPOPT_link_script_file=/tmp/icpcscriptVhfOjs "-mIPOPT_cmdline_link="/usr/lib/gcc/x86_64-redhat-linux/4.8.5/../../../../lib64/crt1.o" "/usr/lib/gcc/x86_64-redhat-linux/4.8.5/../../../../lib64/crti.o" "/usr/lib/gcc/x86_64-redhat-linux/4.8.5/crtbegin.o" "-export-dynamic" "--eh-frame-hdr" "--build-id" "-dynamic-linker" "/lib64/ld-linux-x86-64.so.2" "-m" "elf_x86_64" "-o" "cmTC_5cd41" "-L/opt/ohpc/pub/compiler/intel/compilers_and_libraries_2017.2.174/linux/compiler/lib/intel64" "-L/opt/ohpc/pub/compiler/intel/compilers_and_libraries_2017.2.174/linux/ipp/lib/intel64" "-L/opt/ohpc/pub/compiler/intel/compilers_and_libraries_2017.2.174/linux/compiler/lib/intel64" "-L/opt/ohpc/pub/compiler/intel/compilers_and_libraries_2017.2.174/linux/mkl/lib/intel64" "-L/opt/ohpc/pub/compiler/intel/compilers_and_libraries_2017.2.174/linux/tbb/lib/intel64/gcc4.4" "-L/opt/ohpc/pub/compiler/intel/compilers_and_libraries_2017.2.174/linux/daal/lib/intel64_lin" "-L/opt/ohpc/pub/compiler/intel/compilers_and_libraries_2017.2.174/linux/tbb/lib/intel64_lin/gcc4.4" "-L/opt/ohpc/pub/compiler/intel/compilers_and_libraries_2017.2.174/linux/compiler/lib/intel64_lin" "-L/opt/ohpc/pub/compiler/intel/compiler/2021.1.1/linux/bin/intel64/../../compiler/lib/intel64_lin" "-L/usr/lib/gcc/x86_64-redhat-linux/4.8.5/" "-L/usr/lib/gcc/x86_64-redhat-linux/4.8.5/../../../../lib64" "-L/usr/lib/gcc/x86_64-redhat-linux/4.8.5/../../../../lib64/" "-L/lib/../lib64" "-L/lib/../lib64/" "-L/usr/lib/../lib64" "-L/usr/lib/../lib64/" "-L/opt/ohpc/pub/compiler/intel/compilers_and_libraries_2017.2.174/linux/compiler/lib/intel64/" "-L/opt/ohpc/pub/compiler/intel/compilers_and_libraries_2017.2.174/linux/ipp/lib/intel64/" "-L/opt/ohpc/pub/compiler/intel/compilers_and_libraries_2017.2.174/linux/mkl/lib/intel64/" "-L/opt/ohpc/pub/compiler/intel/compilers_and_libraries_2017.2.174/linux/tbb/lib/intel64/gcc4.4/" "-L/opt/ohpc/pub/compiler/intel/compilers_and_libraries_2017.2.174/linux/daal/lib/intel64_lin/" "-L/opt/ohpc/pub/compiler/intel/compilers_and_libraries_2017.2.174/linux/tbb/lib/intel64_lin/gcc4.4/" "-L/opt/ohpc/pub/compiler/intel/compilers_and_libraries_2017.2.174/linux/compiler/lib/intel64_lin/" "-L/usr/lib/gcc/x86_64-redhat-linux/4.8.5/../../../" "-L/lib64" "-L/lib/" "-L/usr/lib64" "-L/usr/lib" "CMakeFiles/cmTC_5cd41.dir/CMakeCXXCompilerABI.cpp.o" "-Bdynamic" "-Bstatic" "-limf" "-lsvml" "-lirng" "-Bdynamic" "-lstdc++" "-lm" "-Bstatic" "-lipgo" "-ldecimal" "--as-needed" "-Bdynamic" "-lcilkrts" "--no-as-needed" "-lstdc++" "-lgcc" "-lgcc_s" "-Bstatic" "-lirc" "-lsvml" "-Bdynamic" "-lc" "-lgcc" "-lgcc_s" "-Bstatic" "-lirc_s" "-Bdynamic" "-ldl" "-lc" "/usr/lib/gcc/x86_64-redhat-linux/4.8.5/crtend.o" "/usr/lib/gcc/x86_64-redhat-linux/4.8.5/../../../../lib64/crtn.o"" -mIPOPT_il_in_obj -mIPOPT_ipo_activate_warn=FALSE -mIPOPT_obj_output_file_name=/tmp/ipo_icpcfEpdRD.o -mIPOPT_whole_archive_fixup_file_name=/tmp/icpcwarchdqHnOW -mGLOB_linker_version=2.23.52.0.1 -mGLOB_linker=ld -mGLOB_driver_tempfile_name=/tmp/icpctempfilehc5AjM -mP3OPT_asm_target=P3OPT_ASM_TARGET_GAS -mGLOB_async_unwind_tables=TRUE -mGLOB_obj_output_file=/tmp/ipo_icpcfEpdRD.o -mGLOB_source_dialect=GLOB_SOURCE_DIALECT_NONE -mP1OPT_source_file_name=ipo_out.c CMakeFiles/cmTC_5cd41.dir/CMakeCXXCompilerABI.cpp.o -mIPOPT_object_files=T -mIPOPT_assembly_files=/tmp/icpcalisbrqvQi -mIPOPT_generated_tempfiles=/tmp/icpcelisviq9k8 -mIPOPT_embedded_object_base_name=/tmp/icpceobjn6iOPX -mIPOPT_cmdline_link_new_name=/tmp/icpcllis3aXskN]
  link line: [ld    /usr/lib/gcc/x86_64-redhat-linux/4.8.5/../../../../lib64/crt1.o /usr/lib/gcc/x86_64-redhat-linux/4.8.5/../../../../lib64/crti.o /usr/lib/gcc/x86_64-redhat-linux/4.8.5/crtbegin.o -export-dynamic --eh-frame-hdr --build-id -dynamic-linker /lib64/ld-linux-x86-64.so.2 -m elf_x86_64 -o cmTC_5cd41 -L/opt/ohpc/pub/compiler/intel/compilers_and_libraries_2017.2.174/linux/compiler/lib/intel64 -L/opt/ohpc/pub/compiler/intel/compilers_and_libraries_2017.2.174/linux/ipp/lib/intel64 -L/opt/ohpc/pub/compiler/intel/compilers_and_libraries_2017.2.174/linux/compiler/lib/intel64 -L/opt/ohpc/pub/compiler/intel/compilers_and_libraries_2017.2.174/linux/mkl/lib/intel64 -L/opt/ohpc/pub/compiler/intel/compilers_and_libraries_2017.2.174/linux/tbb/lib/intel64/gcc4.4 -L/opt/ohpc/pub/compiler/intel/compilers_and_libraries_2017.2.174/linux/daal/lib/intel64_lin -L/opt/ohpc/pub/compiler/intel/compilers_and_libraries_2017.2.174/linux/tbb/lib/intel64_lin/gcc4.4 -L/opt/ohpc/pub/compiler/intel/compilers_and_libraries_2017.2.174/linux/compiler/lib/intel64_lin -L/opt/ohpc/pub/compiler/intel/compiler/2021.1.1/linux/bin/intel64/../../compiler/lib/intel64_lin -L/usr/lib/gcc/x86_64-redhat-linux/4.8.5/ -L/usr/lib/gcc/x86_64-redhat-linux/4.8.5/../../../../lib64 -L/usr/lib/gcc/x86_64-redhat-linux/4.8.5/../../../../lib64/ -L/lib/../lib64 -L/lib/../lib64/ -L/usr/lib/../lib64 -L/usr/lib/../lib64/ -L/opt/ohpc/pub/compiler/intel/compilers_and_libraries_2017.2.174/linux/compiler/lib/intel64/ -L/opt/ohpc/pub/compiler/intel/compilers_and_libraries_2017.2.174/linux/ipp/lib/intel64/ -L/opt/ohpc/pub/compiler/intel/compilers_and_libraries_2017.2.174/linux/mkl/lib/intel64/ -L/opt/ohpc/pub/compiler/intel/compilers_and_libraries_2017.2.174/linux/tbb/lib/intel64/gcc4.4/ -L/opt/ohpc/pub/compiler/intel/compilers_and_libraries_2017.2.174/linux/daal/lib/intel64_lin/ -L/opt/ohpc/pub/compiler/intel/compilers_and_libraries_2017.2.174/linux/tbb/lib/intel64_lin/gcc4.4/ -L/opt/ohpc/pub/compiler/intel/compilers_and_libraries_2017.2.174/linux/compiler/lib/intel64_lin/ -L/usr/lib/gcc/x86_64-redhat-linux/4.8.5/../../../ -L/lib64 -L/lib/ -L/usr/lib64 -L/usr/lib CMakeFiles/cmTC_5cd41.dir/CMakeCXXCompilerABI.cpp.o -Bdynamic -Bstatic -limf -lsvml -lirng -Bdynamic -lstdc++ -lm -Bstatic -lipgo -ldecimal --as-needed -Bdynamic -lcilkrts --no-as-needed -lstdc++ -lgcc -lgcc_s -Bstatic -lirc -lsvml -Bdynamic -lc -lgcc -lgcc_s -Bstatic -lirc_s -Bdynamic -ldl -lc /usr/lib/gcc/x86_64-redhat-linux/4.8.5/crtend.o /usr/lib/gcc/x86_64-redhat-linux/4.8.5/../../../../lib64/crtn.o]
    arg [ld] ==> ignore
    arg [/usr/lib/gcc/x86_64-redhat-linux/4.8.5/../../../../lib64/crt1.o] ==> ignore
    arg [/usr/lib/gcc/x86_64-redhat-linux/4.8.5/../../../../lib64/crti.o] ==> ignore
    arg [/usr/lib/gcc/x86_64-redhat-linux/4.8.5/crtbegin.o] ==> ignore
    arg [-export-dynamic] ==> ignore
    arg [--eh-frame-hdr] ==> ignore
    arg [--build-id] ==> ignore
    arg [-dynamic-linker] ==> ignore
    arg [/lib64/ld-linux-x86-64.so.2] ==> ignore
    arg [-m] ==> ignore
    arg [elf_x86_64] ==> ignore
    arg [-o] ==> ignore
    arg [cmTC_5cd41] ==> ignore
    arg [-L/opt/ohpc/pub/compiler/intel/compilers_and_libraries_2017.2.174/linux/compiler/lib/intel64] ==> dir [/opt/ohpc/pub/compiler/intel/compilers_and_libraries_2017.2.174/linux/compiler/lib/intel64]
    arg [-L/opt/ohpc/pub/compiler/intel/compilers_and_libraries_2017.2.174/linux/ipp/lib/intel64] ==> dir [/opt/ohpc/pub/compiler/intel/compilers_and_libraries_2017.2.174/linux/ipp/lib/intel64]
    arg [-L/opt/ohpc/pub/compiler/intel/compilers_and_libraries_2017.2.174/linux/compiler/lib/intel64] ==> dir [/opt/ohpc/pub/compiler/intel/compilers_and_libraries_2017.2.174/linux/compiler/lib/intel64]
    arg [-L/opt/ohpc/pub/compiler/intel/compilers_and_libraries_2017.2.174/linux/mkl/lib/intel64] ==> dir [/opt/ohpc/pub/compiler/intel/compilers_and_libraries_2017.2.174/linux/mkl/lib/intel64]
    arg [-L/opt/ohpc/pub/compiler/intel/compilers_and_libraries_2017.2.174/linux/tbb/lib/intel64/gcc4.4] ==> dir [/opt/ohpc/pub/compiler/intel/compilers_and_libraries_2017.2.174/linux/tbb/lib/intel64/gcc4.4]
    arg [-L/opt/ohpc/pub/compiler/intel/compilers_and_libraries_2017.2.174/linux/daal/lib/intel64_lin] ==> dir [/opt/ohpc/pub/compiler/intel/compilers_and_libraries_2017.2.174/linux/daal/lib/intel64_lin]
    arg [-L/opt/ohpc/pub/compiler/intel/compilers_and_libraries_2017.2.174/linux/tbb/lib/intel64_lin/gcc4.4] ==> dir [/opt/ohpc/pub/compiler/intel/compilers_and_libraries_2017.2.174/linux/tbb/lib/intel64_lin/gcc4.4]
    arg [-L/opt/ohpc/pub/compiler/intel/compilers_and_libraries_2017.2.174/linux/compiler/lib/intel64_lin] ==> dir [/opt/ohpc/pub/compiler/intel/compilers_and_libraries_2017.2.174/linux/compiler/lib/intel64_lin]
    arg [-L/opt/ohpc/pub/compiler/intel/compiler/2021.1.1/linux/bin/intel64/../../compiler/lib/intel64_lin] ==> dir [/opt/ohpc/pub/compiler/intel/compiler/2021.1.1/linux/bin/intel64/../../compiler/lib/intel64_lin]
    arg [-L/usr/lib/gcc/x86_64-redhat-linux/4.8.5/] ==> dir [/usr/lib/gcc/x86_64-redhat-linux/4.8.5/]
    arg [-L/usr/lib/gcc/x86_64-redhat-linux/4.8.5/../../../../lib64] ==> dir [/usr/lib/gcc/x86_64-redhat-linux/4.8.5/../../../../lib64]
    arg [-L/usr/lib/gcc/x86_64-redhat-linux/4.8.5/../../../../lib64/] ==> dir [/usr/lib/gcc/x86_64-redhat-linux/4.8.5/../../../../lib64/]
    arg [-L/lib/../lib64] ==> dir [/lib/../lib64]
    arg [-L/lib/../lib64/] ==> dir [/lib/../lib64/]
    arg [-L/usr/lib/../lib64] ==> dir [/usr/lib/../lib64]
    arg [-L/usr/lib/../lib64/] ==> dir [/usr/lib/../lib64/]
    arg [-L/opt/ohpc/pub/compiler/intel/compilers_and_libraries_2017.2.174/linux/compiler/lib/intel64/] ==> dir [/opt/ohpc/pub/compiler/intel/compilers_and_libraries_2017.2.174/linux/compiler/lib/intel64/]
    arg [-L/opt/ohpc/pub/compiler/intel/compilers_and_libraries_2017.2.174/linux/ipp/lib/intel64/] ==> dir [/opt/ohpc/pub/compiler/intel/compilers_and_libraries_2017.2.174/linux/ipp/lib/intel64/]
    arg [-L/opt/ohpc/pub/compiler/intel/compilers_and_libraries_2017.2.174/linux/mkl/lib/intel64/] ==> dir [/opt/ohpc/pub/compiler/intel/compilers_and_libraries_2017.2.174/linux/mkl/lib/intel64/]
    arg [-L/opt/ohpc/pub/compiler/intel/compilers_and_libraries_2017.2.174/linux/tbb/lib/intel64/gcc4.4/] ==> dir [/opt/ohpc/pub/compiler/intel/compilers_and_libraries_2017.2.174/linux/tbb/lib/intel64/gcc4.4/]
    arg [-L/opt/ohpc/pub/compiler/intel/compilers_and_libraries_2017.2.174/linux/daal/lib/intel64_lin/] ==> dir [/opt/ohpc/pub/compiler/intel/compilers_and_libraries_2017.2.174/linux/daal/lib/intel64_lin/]
    arg [-L/opt/ohpc/pub/compiler/intel/compilers_and_libraries_2017.2.174/linux/tbb/lib/intel64_lin/gcc4.4/] ==> dir [/opt/ohpc/pub/compiler/intel/compilers_and_libraries_2017.2.174/linux/tbb/lib/intel64_lin/gcc4.4/]
    arg [-L/opt/ohpc/pub/compiler/intel/compilers_and_libraries_2017.2.174/linux/compiler/lib/intel64_lin/] ==> dir [/opt/ohpc/pub/compiler/intel/compilers_and_libraries_2017.2.174/linux/compiler/lib/intel64_lin/]
    arg [-L/usr/lib/gcc/x86_64-redhat-linux/4.8.5/../../../] ==> dir [/usr/lib/gcc/x86_64-redhat-linux/4.8.5/../../../]
    arg [-L/lib64] ==> dir [/lib64]
    arg [-L/lib/] ==> dir [/lib/]
    arg [-L/usr/lib64] ==> dir [/usr/lib64]
    arg [-L/usr/lib] ==> dir [/usr/lib]
    arg [CMakeFiles/cmTC_5cd41.dir/CMakeCXXCompilerABI.cpp.o] ==> ignore
    arg [-Bdynamic] ==> ignore
    arg [-Bstatic] ==> ignore
    arg [-limf] ==> lib [imf]
    arg [-lsvml] ==> lib [svml]
    arg [-lirng] ==> lib [irng]
    arg [-Bdynamic] ==> ignore
    arg [-lstdc++] ==> lib [stdc++]
    arg [-lm] ==> lib [m]
    arg [-Bstatic] ==> ignore
    arg [-lipgo] ==> lib [ipgo]
    arg [-ldecimal] ==> lib [decimal]
    arg [--as-needed] ==> ignore
    arg [-Bdynamic] ==> ignore
    arg [-lcilkrts] ==> lib [cilkrts]
    arg [--no-as-needed] ==> ignore
    arg [-lstdc++] ==> lib [stdc++]
    arg [-lgcc] ==> lib [gcc]
    arg [-lgcc_s] ==> lib [gcc_s]
    arg [-Bstatic] ==> ignore
    arg [-lirc] ==> lib [irc]
    arg [-lsvml] ==> lib [svml]
    arg [-Bdynamic] ==> ignore
    arg [-lc] ==> lib [c]
    arg [-lgcc] ==> lib [gcc]
    arg [-lgcc_s] ==> lib [gcc_s]
    arg [-Bstatic] ==> ignore
    arg [-lirc_s] ==> lib [irc_s]
    arg [-Bdynamic] ==> ignore
    arg [-ldl] ==> lib [dl]
    arg [-lc] ==> lib [c]
    arg [/usr/lib/gcc/x86_64-redhat-linux/4.8.5/crtend.o] ==> ignore
    arg [/usr/lib/gcc/x86_64-redhat-linux/4.8.5/../../../../lib64/crtn.o] ==> ignore
  collapse library dir [/opt/ohpc/pub/compiler/intel/compilers_and_libraries_2017.2.174/linux/compiler/lib/intel64] ==> [/opt/ohpc/pub/compiler/intel/compilers_and_libraries_2017.2.174/linux/compiler/lib/intel64]
  collapse library dir [/opt/ohpc/pub/compiler/intel/compilers_and_libraries_2017.2.174/linux/ipp/lib/intel64] ==> [/opt/ohpc/pub/compiler/intel/compilers_and_libraries_2017.2.174/linux/ipp/lib/intel64]
  collapse library dir [/opt/ohpc/pub/compiler/intel/compilers_and_libraries_2017.2.174/linux/compiler/lib/intel64] ==> [/opt/ohpc/pub/compiler/intel/compilers_and_libraries_2017.2.174/linux/compiler/lib/intel64]
  collapse library dir [/opt/ohpc/pub/compiler/intel/compilers_and_libraries_2017.2.174/linux/mkl/lib/intel64] ==> [/opt/ohpc/pub/compiler/intel/compilers_and_libraries_2017.2.174/linux/mkl/lib/intel64]
  collapse library dir [/opt/ohpc/pub/compiler/intel/compilers_and_libraries_2017.2.174/linux/tbb/lib/intel64/gcc4.4] ==> [/opt/ohpc/pub/compiler/intel/compilers_and_libraries_2017.2.174/linux/tbb/lib/intel64/gcc4.4]
  collapse library dir [/opt/ohpc/pub/compiler/intel/compilers_and_libraries_2017.2.174/linux/daal/lib/intel64_lin] ==> [/opt/ohpc/pub/compiler/intel/compilers_and_libraries_2017.2.174/linux/daal/lib/intel64_lin]
  collapse library dir [/opt/ohpc/pub/compiler/intel/compilers_and_libraries_2017.2.174/linux/tbb/lib/intel64_lin/gcc4.4] ==> [/opt/ohpc/pub/compiler/intel/compilers_and_libraries_2017.2.174/linux/tbb/lib/intel64_lin/gcc4.4]
  collapse library dir [/opt/ohpc/pub/compiler/intel/compilers_and_libraries_2017.2.174/linux/compiler/lib/intel64_lin] ==> [/opt/ohpc/pub/compiler/intel/compilers_and_libraries_2017.2.174/linux/compiler/lib/intel64_lin]
  collapse library dir [/opt/ohpc/pub/compiler/intel/compiler/2021.1.1/linux/bin/intel64/../../compiler/lib/intel64_lin] ==> [/opt/ohpc/pub/compiler/intel/compiler/2021.1.1/linux/compiler/lib/intel64_lin]
  collapse library dir [/usr/lib/gcc/x86_64-redhat-linux/4.8.5/] ==> [/usr/lib/gcc/x86_64-redhat-linux/4.8.5]
  collapse library dir [/usr/lib/gcc/x86_64-redhat-linux/4.8.5/../../../../lib64] ==> [/usr/lib64]
  collapse library dir [/usr/lib/gcc/x86_64-redhat-linux/4.8.5/../../../../lib64/] ==> [/usr/lib64]
  collapse library dir [/lib/../lib64] ==> [/lib64]
  collapse library dir [/lib/../lib64/] ==> [/lib64]
  collapse library dir [/usr/lib/../lib64] ==> [/usr/lib64]
  collapse library dir [/usr/lib/../lib64/] ==> [/usr/lib64]
  collapse library dir [/opt/ohpc/pub/compiler/intel/compilers_and_libraries_2017.2.174/linux/compiler/lib/intel64/] ==> [/opt/ohpc/pub/compiler/intel/compilers_and_libraries_2017.2.174/linux/compiler/lib/intel64]
  collapse library dir [/opt/ohpc/pub/compiler/intel/compilers_and_libraries_2017.2.174/linux/ipp/lib/intel64/] ==> [/opt/ohpc/pub/compiler/intel/compilers_and_libraries_2017.2.174/linux/ipp/lib/intel64]
  collapse library dir [/opt/ohpc/pub/compiler/intel/compilers_and_libraries_2017.2.174/linux/mkl/lib/intel64/] ==> [/opt/ohpc/pub/compiler/intel/compilers_and_libraries_2017.2.174/linux/mkl/lib/intel64]
  collapse library dir [/opt/ohpc/pub/compiler/intel/compilers_and_libraries_2017.2.174/linux/tbb/lib/intel64/gcc4.4/] ==> [/opt/ohpc/pub/compiler/intel/compilers_and_libraries_2017.2.174/linux/tbb/lib/intel64/gcc4.4]
  collapse library dir [/opt/ohpc/pub/compiler/intel/compilers_and_libraries_2017.2.174/linux/daal/lib/intel64_lin/] ==> [/opt/ohpc/pub/compiler/intel/compilers_and_libraries_2017.2.174/linux/daal/lib/intel64_lin]
  collapse library dir [/opt/ohpc/pub/compiler/intel/compilers_and_libraries_2017.2.174/linux/tbb/lib/intel64_lin/gcc4.4/] ==> [/opt/ohpc/pub/compiler/intel/compilers_and_libraries_2017.2.174/linux/tbb/lib/intel64_lin/gcc4.4]
  collapse library dir [/opt/ohpc/pub/compiler/intel/compilers_and_libraries_2017.2.174/linux/compiler/lib/intel64_lin/] ==> [/opt/ohpc/pub/compiler/intel/compilers_and_libraries_2017.2.174/linux/compiler/lib/intel64_lin]
  collapse library dir [/usr/lib/gcc/x86_64-redhat-linux/4.8.5/../../../] ==> [/usr/lib]
  collapse library dir [/lib64] ==> [/lib64]
  collapse library dir [/lib/] ==> [/lib]
  collapse library dir [/usr/lib64] ==> [/usr/lib64]
  collapse library dir [/usr/lib] ==> [/usr/lib]
  implicit libs: [imf;svml;irng;stdc++;m;ipgo;decimal;cilkrts;stdc++;gcc;gcc_s;irc;svml;c;gcc;gcc_s;irc_s;dl;c]
  implicit dirs: [/opt/ohpc/pub/compiler/intel/compilers_and_libraries_2017.2.174/linux/compiler/lib/intel64;/opt/ohpc/pub/compiler/intel/compilers_and_libraries_2017.2.174/linux/ipp/lib/intel64;/opt/ohpc/pub/compiler/intel/compilers_and_libraries_2017.2.174/linux/mkl/lib/intel64;/opt/ohpc/pub/compiler/intel/compilers_and_libraries_2017.2.174/linux/tbb/lib/intel64/gcc4.4;/opt/ohpc/pub/compiler/intel/compilers_and_libraries_2017.2.174/linux/daal/lib/intel64_lin;/opt/ohpc/pub/compiler/intel/compilers_and_libraries_2017.2.174/linux/tbb/lib/intel64_lin/gcc4.4;/opt/ohpc/pub/compiler/intel/compilers_and_libraries_2017.2.174/linux/compiler/lib/intel64_lin;/opt/ohpc/pub/compiler/intel/compiler/2021.1.1/linux/compiler/lib/intel64_lin;/usr/lib/gcc/x86_64-redhat-linux/4.8.5;/usr/lib64;/lib64;/usr/lib;/lib]
  implicit fwks: []


