<?xml version="1.0" encoding="utf-8"?>
<log version="1.0" tool="runtool">

<msg id="1" tool="runtool">
  <type>log-start</type>
  <arg>2022/01/22 14:41:47</arg>
</msg>
<msg id="2" tool="runtool">
  <type>bandwidth-measurement-starts</type>
</msg>
<msg id="3" tool="runtool">
  <type>bandwidth-measurement-done</type>
</msg>
<msg id="4" tool="runtool">
  <type>collector-starts</type>
</msg>
<msg id="5" tool="runtool">
  <type>marker-file</type>
  <arg>/home/dleibovi/Documents/C++/Shock solver (copy)/Shock_solver_adv/e000/trc000/trc000.advixe</arg>
</msg>
<msg id="6" tool="trc">
  <type>PROCESS_START</type>
  <arg>/home/dleibovi/Documents/C++/Shock solver (copy)/RelWithDebInfo/Test_shock_solver</arg>
  <arg>3362</arg>
  <severity>INFO</severity>
  <timestamp>Sat Jan 22 14:42:00 2022</timestamp>
</msg>
<msg id="7" tool="trc">
  <type>PROCESS_ANALYSIS_MODE</type>
  <arg>full</arg>
  <severity>INFO</severity>
  <timestamp>Sat Jan 22 14:42:00 2022</timestamp>
</msg>
<msg id="8" tool="trc">
  <type>LOAD_MODULE</type>
  <arg>/home/dleibovi/Documents/C++/Shock solver (copy)/RelWithDebInfo/Test_shock_solver</arg>
  <arg>0x400000</arg>
  <arg>0x693d67</arg>
  <arg>yes</arg>
  <severity>INFO</severity>
  <timestamp>Sat Jan 22 14:42:00 2022</timestamp>
</msg>
<msg id="9" tool="trc">
  <type>LOAD_MODULE</type>
  <arg>/lib64/ld-linux-x86-64.so.2</arg>
  <arg>0x7f350b877000</arg>
  <arg>0x7f350ba9a14f</arg>
  <arg>yes</arg>
  <severity>INFO</severity>
  <timestamp>Sat Jan 22 14:42:01 2022</timestamp>
</msg>
<msg id="10" tool="trc">
  <type>LOAD_MODULE</type>
  <arg>[vdso]</arg>
  <arg>0x7fff00561000</arg>
  <arg>0x7fff00561fdc</arg>
  <arg>no</arg>
  <severity>INFO</severity>
  <timestamp>Sat Jan 22 14:42:01 2022</timestamp>
</msg>
<msg id="11" tool="trc">
  <type>LOAD_MODULE</type>
  <arg>/opt/ohpc/pub/compiler/intel/compilers_and_libraries_2017.2.174/linux/mkl/lib/intel64/libmkl_intel_lp64.so</arg>
  <arg>0x7f34f4f36000</arg>
  <arg>0x7f34f597519f</arg>
  <arg>yes</arg>
  <severity>INFO</severity>
  <timestamp>Sat Jan 22 14:42:01 2022</timestamp>
</msg>
<msg id="12" tool="trc">
  <type>LOAD_MODULE</type>
  <arg>/opt/ohpc/pub/compiler/intel/compilers_and_libraries_2017.2.174/linux/mkl/lib/intel64/libmkl_intel_thread.so</arg>
  <arg>0x7f34f3472000</arg>
  <arg>0x7f34f4f03747</arg>
  <arg>yes</arg>
  <severity>INFO</severity>
  <timestamp>Sat Jan 22 14:42:04 2022</timestamp>
</msg>
<msg id="13" tool="trc">
  <type>LOAD_MODULE</type>
  <arg>/opt/ohpc/pub/compiler/intel/compilers_and_libraries_2017.2.174/linux/mkl/lib/intel64/libmkl_core.so</arg>
  <arg>0x7f34f197f000</arg>
  <arg>0x7f34f3471fc7</arg>
  <arg>yes</arg>
  <severity>INFO</severity>
  <timestamp>Sat Jan 22 14:42:13 2022</timestamp>
</msg>
<msg id="14" tool="trc">
  <type>LOAD_MODULE</type>
  <arg>/opt/ohpc/pub/compiler/intel/compilers_and_libraries_2017.2.174/linux/compiler/lib/intel64/libiomp5.so</arg>
  <arg>0x7f34f15dd000</arg>
  <arg>0x7f34f197e9bf</arg>
  <arg>yes</arg>
  <severity>INFO</severity>
  <timestamp>Sat Jan 22 14:42:22 2022</timestamp>
</msg>
<msg id="15" tool="trc">
  <type>LOAD_MODULE</type>
  <arg>/usr/lib64/libstdc++.so.6</arg>
  <arg>0x7f34f1280000</arg>
  <arg>0x7f34f158741f</arg>
  <arg>no</arg>
  <severity>INFO</severity>
  <timestamp>Sat Jan 22 14:42:22 2022</timestamp>
</msg>
<msg id="16" tool="trc">
  <type>LOAD_MODULE</type>
  <arg>/usr/lib64/libm.so.6</arg>
  <arg>0x7f34f0f7e000</arg>
  <arg>0x7f34f127f137</arg>
  <arg>yes</arg>
  <severity>INFO</severity>
  <timestamp>Sat Jan 22 14:42:22 2022</timestamp>
</msg>
<msg id="17" tool="trc">
  <type>LOAD_MODULE</type>
  <arg>/usr/lib64/libgcc_s.so.1</arg>
  <arg>0x7f34f0d68000</arg>
  <arg>0x7f34f0f7d3ff</arg>
  <arg>no</arg>
  <severity>INFO</severity>
  <timestamp>Sat Jan 22 14:42:22 2022</timestamp>
</msg>
<msg id="18" tool="trc">
  <type>LOAD_MODULE</type>
  <arg>/usr/lib64/libpthread.so.0</arg>
  <arg>0x7f34f0b4c000</arg>
  <arg>0x7f34f0d67487</arg>
  <arg>yes</arg>
  <severity>INFO</severity>
  <timestamp>Sat Jan 22 14:42:22 2022</timestamp>
</msg>
<msg id="19" tool="trc">
  <type>LOAD_MODULE</type>
  <arg>/usr/lib64/libc.so.6</arg>
  <arg>0x7f34f0789000</arg>
  <arg>0x7f34f0b4b1bf</arg>
  <arg>yes</arg>
  <severity>INFO</severity>
  <timestamp>Sat Jan 22 14:42:22 2022</timestamp>
</msg>
<msg id="20" tool="trc">
  <type>LOAD_MODULE</type>
  <arg>/usr/lib64/libdl.so.2</arg>
  <arg>0x7f34f0585000</arg>
  <arg>0x7f34f078812f</arg>
  <arg>yes</arg>
  <severity>INFO</severity>
  <timestamp>Sat Jan 22 14:42:23 2022</timestamp>
</msg>
<msg id="21" tool="trc">
  <type>LOAD_MODULE</type>
  <arg>/opt/ohpc/pub/compiler/intel/advisor_2020.2.0.606470/2021.1.1/lib64/runtime/libittnotify.so</arg>
  <arg>0x7f34eceae000</arg>
  <arg>0x7f34ed0ba65f</arg>
  <arg>no</arg>
  <severity>INFO</severity>
  <timestamp>Sat Jan 22 14:42:23 2022</timestamp>
</msg>
<msg id="22" tool="trc">
  <type>LOAD_MODULE</type>
  <arg>/opt/ohpc/pub/compiler/intel/compilers_and_libraries_2017.2.174/linux/mkl/lib/intel64/libmkl_avx2.so</arg>
  <arg>0x7f34e3546000</arg>
  <arg>0x7f34e65cc14f</arg>
  <arg>yes</arg>
  <severity>INFO</severity>
  <timestamp>Sat Jan 22 14:42:24 2022</timestamp>
</msg>
<msg id="23" tool="trc">
  <type>LOAD_MODULE</type>
  <arg>/opt/ohpc/pub/compiler/intel/compilers_and_libraries_2017.2.174/linux/mkl/lib/intel64/libmkl_vml_avx2.so</arg>
  <arg>0x7f34e1e99000</arg>
  <arg>0x7f34e2b4bda7</arg>
  <arg>yes</arg>
  <severity>INFO</severity>
  <timestamp>Sat Jan 22 14:42:44 2022</timestamp>
</msg>
<msg id="24" tool="trc">
  <type>STOP_INVOKED</type>
  <arg></arg>
  <severity>INFO</severity>
  <timestamp>Sat Jan 22 14:42:58 2022</timestamp>
</msg>
<msg id="25" tool="trc">
  <type>STOP_PROCESSED</type>
  <arg></arg>
  <severity>INFO</severity>
  <timestamp>Sat Jan 22 14:42:58 2022</timestamp>
</msg>
<msg id="26" tool="trc">
  <type>UNLOAD_MODULE</type>
  <arg>/home/dleibovi/Documents/C++/Shock solver (copy)/RelWithDebInfo/Test_shock_solver</arg>
  <severity>INFO</severity>
  <timestamp>Sat Jan 22 14:42:58 2022</timestamp>
</msg>
<msg id="27" tool="trc">
  <type>UNLOAD_MODULE</type>
  <arg>/lib64/ld-linux-x86-64.so.2</arg>
  <severity>INFO</severity>
  <timestamp>Sat Jan 22 14:42:58 2022</timestamp>
</msg>
<msg id="28" tool="trc">
  <type>UNLOAD_MODULE</type>
  <arg>[vdso]</arg>
  <severity>INFO</severity>
  <timestamp>Sat Jan 22 14:42:58 2022</timestamp>
</msg>
<msg id="29" tool="trc">
  <type>UNLOAD_MODULE</type>
  <arg>/opt/ohpc/pub/compiler/intel/compilers_and_libraries_2017.2.174/linux/mkl/lib/intel64/libmkl_intel_lp64.so</arg>
  <severity>INFO</severity>
  <timestamp>Sat Jan 22 14:42:58 2022</timestamp>
</msg>
<msg id="30" tool="trc">
  <type>UNLOAD_MODULE</type>
  <arg>/opt/ohpc/pub/compiler/intel/compilers_and_libraries_2017.2.174/linux/mkl/lib/intel64/libmkl_intel_thread.so</arg>
  <severity>INFO</severity>
  <timestamp>Sat Jan 22 14:42:58 2022</timestamp>
</msg>
<msg id="31" tool="trc">
  <type>UNLOAD_MODULE</type>
  <arg>/opt/ohpc/pub/compiler/intel/compilers_and_libraries_2017.2.174/linux/mkl/lib/intel64/libmkl_core.so</arg>
  <severity>INFO</severity>
  <timestamp>Sat Jan 22 14:42:58 2022</timestamp>
</msg>
<msg id="32" tool="trc">
  <type>UNLOAD_MODULE</type>
  <arg>/opt/ohpc/pub/compiler/intel/compilers_and_libraries_2017.2.174/linux/compiler/lib/intel64/libiomp5.so</arg>
  <severity>INFO</severity>
  <timestamp>Sat Jan 22 14:42:58 2022</timestamp>
</msg>
<msg id="33" tool="trc">
  <type>UNLOAD_MODULE</type>
  <arg>/usr/lib64/libstdc++.so.6</arg>
  <severity>INFO</severity>
  <timestamp>Sat Jan 22 14:42:58 2022</timestamp>
</msg>
<msg id="34" tool="trc">
  <type>UNLOAD_MODULE</type>
  <arg>/usr/lib64/libm.so.6</arg>
  <severity>INFO</severity>
  <timestamp>Sat Jan 22 14:42:58 2022</timestamp>
</msg>
<msg id="35" tool="trc">
  <type>UNLOAD_MODULE</type>
  <arg>/usr/lib64/libgcc_s.so.1</arg>
  <severity>INFO</severity>
  <timestamp>Sat Jan 22 14:42:58 2022</timestamp>
</msg>
<msg id="36" tool="trc">
  <type>UNLOAD_MODULE</type>
  <arg>/usr/lib64/libpthread.so.0</arg>
  <severity>INFO</severity>
  <timestamp>Sat Jan 22 14:42:58 2022</timestamp>
</msg>
<msg id="37" tool="trc">
  <type>UNLOAD_MODULE</type>
  <arg>/usr/lib64/libc.so.6</arg>
  <severity>INFO</severity>
  <timestamp>Sat Jan 22 14:42:58 2022</timestamp>
</msg>
<msg id="38" tool="trc">
  <type>UNLOAD_MODULE</type>
  <arg>/usr/lib64/libdl.so.2</arg>
  <severity>INFO</severity>
  <timestamp>Sat Jan 22 14:42:58 2022</timestamp>
</msg>
<msg id="39" tool="trc">
  <type>UNLOAD_MODULE</type>
  <arg>/opt/ohpc/pub/compiler/intel/advisor_2020.2.0.606470/2021.1.1/lib64/runtime/libittnotify.so</arg>
  <severity>INFO</severity>
  <timestamp>Sat Jan 22 14:42:58 2022</timestamp>
</msg>
<msg id="40" tool="trc">
  <type>UNLOAD_MODULE</type>
  <arg>/opt/ohpc/pub/compiler/intel/compilers_and_libraries_2017.2.174/linux/mkl/lib/intel64/libmkl_avx2.so</arg>
  <severity>INFO</severity>
  <timestamp>Sat Jan 22 14:42:58 2022</timestamp>
</msg>
<msg id="41" tool="trc">
  <type>UNLOAD_MODULE</type>
  <arg>/opt/ohpc/pub/compiler/intel/compilers_and_libraries_2017.2.174/linux/mkl/lib/intel64/libmkl_vml_avx2.so</arg>
  <severity>INFO</severity>
  <timestamp>Sat Jan 22 14:42:58 2022</timestamp>
</msg>
<msg id="42" tool="trc">
  <type>PROCESS_FINISH</type>
  <arg></arg>
  <arg>3362</arg>
  <arg>0x0</arg>
  <severity>INFO</severity>
  <timestamp>Sat Jan 22 14:42:58 2022</timestamp>
</msg>
<msg id="43" tool="runtool">
  <type>app-exit-code</type>
  <arg>0</arg>
</msg>
<msg id="44" tool="runtool">
  <type>marker-file</type>
  <arg>/home/dleibovi/Documents/C++/Shock solver (copy)/Shock_solver_adv/e000/trc000/trc000.advixe</arg>
</msg>
<msg id="45" tool="runtool">
  <type>collector-done</type>
</msg>
<msg id="46" tool="runtool">
  <type>log-end</type>
  <arg>2022/01/22 14:43:02</arg>
</msg>

</log>

